2014-11-22 16:28:36,719 - Log4JLogChute initialized using file 'velocity.log'
2014-11-22 16:28:36,720 - Initializing Velocity, Calling init()...
2014-11-22 16:28:36,720 - Starting Apache Velocity v1.7 (compiled: 2010-11-19 12:14:37)
2014-11-22 16:28:36,721 - Default Properties File: org/apache/velocity/runtime/defaults/velocity.properties
2014-11-22 16:28:36,721 - Trying to use logger class org.apache.velocity.runtime.log.AvalonLogChute
2014-11-22 16:28:36,721 - Target log system for org.apache.velocity.runtime.log.AvalonLogChute is not available (java.lang.NoClassDefFoundError: org/apache/log/format/Formatter).  Falling back to next log system...
2014-11-22 16:28:36,721 - Trying to use logger class org.apache.velocity.runtime.log.Log4JLogChute
2014-11-22 16:28:36,721 - Using logger class org.apache.velocity.runtime.log.Log4JLogChute
2014-11-22 16:28:36,728 - ResourceLoader instantiated: org.apache.velocity.runtime.resource.loader.ClasspathResourceLoader
2014-11-22 16:28:36,743 - ResourceCache: initialized (class org.apache.velocity.runtime.resource.ResourceCacheImpl) with class java.util.Collections$SynchronizedMap cache map.
2014-11-22 16:28:36,745 - Loaded System Directive: org.apache.velocity.runtime.directive.Stop
2014-11-22 16:28:36,746 - Loaded System Directive: org.apache.velocity.runtime.directive.Define
2014-11-22 16:28:36,747 - Loaded System Directive: org.apache.velocity.runtime.directive.Break
2014-11-22 16:28:36,748 - Loaded System Directive: org.apache.velocity.runtime.directive.Evaluate
2014-11-22 16:28:36,748 - Loaded System Directive: org.apache.velocity.runtime.directive.Literal
2014-11-22 16:28:36,749 - Loaded System Directive: org.apache.velocity.runtime.directive.Macro
2014-11-22 16:28:36,750 - Loaded System Directive: org.apache.velocity.runtime.directive.Parse
2014-11-22 16:28:36,752 - Loaded System Directive: org.apache.velocity.runtime.directive.Include
2014-11-22 16:28:36,753 - Loaded System Directive: org.apache.velocity.runtime.directive.Foreach
2014-11-22 16:28:36,778 - Created '20' parsers.
2014-11-22 16:28:36,784 - Velocimacro : "velocimacro.library" is not set.  Trying default library: VM_global_library.vm
2014-11-22 16:28:36,785 - Could not load resource 'VM_global_library.vm' from ResourceLoader org.apache.velocity.runtime.resource.loader.ClasspathResourceLoader: ClasspathResourceLoader Error: cannot find resource VM_global_library.vm
2014-11-22 16:28:36,785 - Velocimacro : Default library not found.
2014-11-22 16:28:36,785 - Velocimacro : allowInline = true : VMs can be defined inline in templates
2014-11-22 16:28:36,785 - Velocimacro : allowInlineToOverride = false : VMs defined inline may NOT replace previous VM definitions
2014-11-22 16:28:36,785 - Velocimacro : allowInlineLocal = false : VMs defined inline will be global in scope if allowed.
2014-11-22 16:28:36,785 - Velocimacro : autoload off : VM system will not automatically reload global library macros
2014-11-22 16:28:36,794 - ResourceManager : unable to find resource '/com/gtisolucoes/vraptor4js/template/controller-jquery.vtl' in any resource loader.
2014-11-22 16:31:43,811 - Log4JLogChute initialized using file 'velocity.log'
2014-11-22 16:31:43,812 - Initializing Velocity, Calling init()...
2014-11-22 16:31:43,812 - Starting Apache Velocity v1.7 (compiled: 2010-11-19 12:14:37)
2014-11-22 16:31:43,812 - Default Properties File: org/apache/velocity/runtime/defaults/velocity.properties
2014-11-22 16:31:43,812 - Trying to use logger class org.apache.velocity.runtime.log.AvalonLogChute
2014-11-22 16:31:43,812 - Target log system for org.apache.velocity.runtime.log.AvalonLogChute is not available (java.lang.NoClassDefFoundError: org/apache/log/format/Formatter).  Falling back to next log system...
2014-11-22 16:31:43,812 - Trying to use logger class org.apache.velocity.runtime.log.Log4JLogChute
2014-11-22 16:31:43,812 - Using logger class org.apache.velocity.runtime.log.Log4JLogChute
2014-11-22 16:31:43,815 - ResourceLoader instantiated: org.apache.velocity.runtime.resource.loader.ClasspathResourceLoader
2014-11-22 16:31:43,835 - ResourceCache: initialized (class org.apache.velocity.runtime.resource.ResourceCacheImpl) with class java.util.Collections$SynchronizedMap cache map.
2014-11-22 16:31:43,836 - Loaded System Directive: org.apache.velocity.runtime.directive.Stop
2014-11-22 16:31:43,837 - Loaded System Directive: org.apache.velocity.runtime.directive.Define
2014-11-22 16:31:43,837 - Loaded System Directive: org.apache.velocity.runtime.directive.Break
2014-11-22 16:31:43,838 - Loaded System Directive: org.apache.velocity.runtime.directive.Evaluate
2014-11-22 16:31:43,838 - Loaded System Directive: org.apache.velocity.runtime.directive.Literal
2014-11-22 16:31:43,839 - Loaded System Directive: org.apache.velocity.runtime.directive.Macro
2014-11-22 16:31:43,840 - Loaded System Directive: org.apache.velocity.runtime.directive.Parse
2014-11-22 16:31:43,840 - Loaded System Directive: org.apache.velocity.runtime.directive.Include
2014-11-22 16:31:43,842 - Loaded System Directive: org.apache.velocity.runtime.directive.Foreach
2014-11-22 16:31:43,865 - Created '20' parsers.
2014-11-22 16:31:43,871 - Velocimacro : "velocimacro.library" is not set.  Trying default library: VM_global_library.vm
2014-11-22 16:31:43,871 - Could not load resource 'VM_global_library.vm' from ResourceLoader org.apache.velocity.runtime.resource.loader.ClasspathResourceLoader: ClasspathResourceLoader Error: cannot find resource VM_global_library.vm
2014-11-22 16:31:43,871 - Velocimacro : Default library not found.
2014-11-22 16:31:43,871 - Velocimacro : allowInline = true : VMs can be defined inline in templates
2014-11-22 16:31:43,871 - Velocimacro : allowInlineToOverride = false : VMs defined inline may NOT replace previous VM definitions
2014-11-22 16:31:43,871 - Velocimacro : allowInlineLocal = false : VMs defined inline will be global in scope if allowed.
2014-11-22 16:31:43,871 - Velocimacro : autoload off : VM system will not automatically reload global library macros
2014-11-22 16:31:43,884 - ResourceManager : found /test.vm with loader org.apache.velocity.runtime.resource.loader.ClasspathResourceLoader
2014-11-22 16:32:05,847 - Log4JLogChute initialized using file 'velocity.log'
2014-11-22 16:32:05,848 - Initializing Velocity, Calling init()...
2014-11-22 16:32:05,848 - Starting Apache Velocity v1.7 (compiled: 2010-11-19 12:14:37)
2014-11-22 16:32:05,848 - Default Properties File: org/apache/velocity/runtime/defaults/velocity.properties
2014-11-22 16:32:05,848 - Trying to use logger class org.apache.velocity.runtime.log.AvalonLogChute
2014-11-22 16:32:05,848 - Target log system for org.apache.velocity.runtime.log.AvalonLogChute is not available (java.lang.NoClassDefFoundError: org/apache/log/format/Formatter).  Falling back to next log system...
2014-11-22 16:32:05,848 - Trying to use logger class org.apache.velocity.runtime.log.Log4JLogChute
2014-11-22 16:32:05,848 - Using logger class org.apache.velocity.runtime.log.Log4JLogChute
2014-11-22 16:32:05,850 - ResourceLoader instantiated: org.apache.velocity.runtime.resource.loader.ClasspathResourceLoader
2014-11-22 16:32:05,864 - ResourceCache: initialized (class org.apache.velocity.runtime.resource.ResourceCacheImpl) with class java.util.Collections$SynchronizedMap cache map.
2014-11-22 16:32:05,865 - Loaded System Directive: org.apache.velocity.runtime.directive.Stop
2014-11-22 16:32:05,866 - Loaded System Directive: org.apache.velocity.runtime.directive.Define
2014-11-22 16:32:05,867 - Loaded System Directive: org.apache.velocity.runtime.directive.Break
2014-11-22 16:32:05,867 - Loaded System Directive: org.apache.velocity.runtime.directive.Evaluate
2014-11-22 16:32:05,868 - Loaded System Directive: org.apache.velocity.runtime.directive.Literal
2014-11-22 16:32:05,868 - Loaded System Directive: org.apache.velocity.runtime.directive.Macro
2014-11-22 16:32:05,869 - Loaded System Directive: org.apache.velocity.runtime.directive.Parse
2014-11-22 16:32:05,870 - Loaded System Directive: org.apache.velocity.runtime.directive.Include
2014-11-22 16:32:05,871 - Loaded System Directive: org.apache.velocity.runtime.directive.Foreach
2014-11-22 16:32:05,894 - Created '20' parsers.
2014-11-22 16:32:05,899 - Velocimacro : "velocimacro.library" is not set.  Trying default library: VM_global_library.vm
2014-11-22 16:32:05,899 - Could not load resource 'VM_global_library.vm' from ResourceLoader org.apache.velocity.runtime.resource.loader.ClasspathResourceLoader: ClasspathResourceLoader Error: cannot find resource VM_global_library.vm
2014-11-22 16:32:05,899 - Velocimacro : Default library not found.
2014-11-22 16:32:05,899 - Velocimacro : allowInline = true : VMs can be defined inline in templates
2014-11-22 16:32:05,900 - Velocimacro : allowInlineToOverride = false : VMs defined inline may NOT replace previous VM definitions
2014-11-22 16:32:05,900 - Velocimacro : allowInlineLocal = false : VMs defined inline will be global in scope if allowed.
2014-11-22 16:32:05,900 - Velocimacro : autoload off : VM system will not automatically reload global library macros
2014-11-22 16:32:05,916 - ResourceManager : found /test.vm with loader org.apache.velocity.runtime.resource.loader.ClasspathResourceLoader
2014-11-22 16:32:20,402 - Log4JLogChute initialized using file 'velocity.log'
2014-11-22 16:32:20,402 - Initializing Velocity, Calling init()...
2014-11-22 16:32:20,402 - Starting Apache Velocity v1.7 (compiled: 2010-11-19 12:14:37)
2014-11-22 16:32:20,403 - Default Properties File: org/apache/velocity/runtime/defaults/velocity.properties
2014-11-22 16:32:20,403 - Trying to use logger class org.apache.velocity.runtime.log.AvalonLogChute
2014-11-22 16:32:20,403 - Target log system for org.apache.velocity.runtime.log.AvalonLogChute is not available (java.lang.NoClassDefFoundError: org/apache/log/format/Formatter).  Falling back to next log system...
2014-11-22 16:32:20,403 - Trying to use logger class org.apache.velocity.runtime.log.Log4JLogChute
2014-11-22 16:32:20,403 - Using logger class org.apache.velocity.runtime.log.Log4JLogChute
2014-11-22 16:32:20,405 - ResourceLoader instantiated: org.apache.velocity.runtime.resource.loader.ClasspathResourceLoader
2014-11-22 16:32:20,423 - ResourceCache: initialized (class org.apache.velocity.runtime.resource.ResourceCacheImpl) with class java.util.Collections$SynchronizedMap cache map.
2014-11-22 16:32:20,425 - Loaded System Directive: org.apache.velocity.runtime.directive.Stop
2014-11-22 16:32:20,426 - Loaded System Directive: org.apache.velocity.runtime.directive.Define
2014-11-22 16:32:20,427 - Loaded System Directive: org.apache.velocity.runtime.directive.Break
2014-11-22 16:32:20,427 - Loaded System Directive: org.apache.velocity.runtime.directive.Evaluate
2014-11-22 16:32:20,428 - Loaded System Directive: org.apache.velocity.runtime.directive.Literal
2014-11-22 16:32:20,429 - Loaded System Directive: org.apache.velocity.runtime.directive.Macro
2014-11-22 16:32:20,430 - Loaded System Directive: org.apache.velocity.runtime.directive.Parse
2014-11-22 16:32:20,430 - Loaded System Directive: org.apache.velocity.runtime.directive.Include
2014-11-22 16:32:20,432 - Loaded System Directive: org.apache.velocity.runtime.directive.Foreach
2014-11-22 16:32:20,458 - Created '20' parsers.
2014-11-22 16:32:20,464 - Velocimacro : "velocimacro.library" is not set.  Trying default library: VM_global_library.vm
2014-11-22 16:32:20,464 - Could not load resource 'VM_global_library.vm' from ResourceLoader org.apache.velocity.runtime.resource.loader.ClasspathResourceLoader: ClasspathResourceLoader Error: cannot find resource VM_global_library.vm
2014-11-22 16:32:20,464 - Velocimacro : Default library not found.
2014-11-22 16:32:20,465 - Velocimacro : allowInline = true : VMs can be defined inline in templates
2014-11-22 16:32:20,465 - Velocimacro : allowInlineToOverride = false : VMs defined inline may NOT replace previous VM definitions
2014-11-22 16:32:20,465 - Velocimacro : allowInlineLocal = false : VMs defined inline will be global in scope if allowed.
2014-11-22 16:32:20,465 - Velocimacro : autoload off : VM system will not automatically reload global library macros
2014-11-22 16:32:20,483 - ResourceManager : found /test.vm with loader org.apache.velocity.runtime.resource.loader.ClasspathResourceLoader
2014-11-22 17:02:51,239 - Log4JLogChute initialized using file 'velocity.log'
2014-11-22 17:02:51,239 - Initializing Velocity, Calling init()...
2014-11-22 17:02:51,239 - Starting Apache Velocity v1.7 (compiled: 2010-11-19 12:14:37)
2014-11-22 17:02:51,239 - Default Properties File: org/apache/velocity/runtime/defaults/velocity.properties
2014-11-22 17:02:51,239 - Trying to use logger class org.apache.velocity.runtime.log.Log4JLogChute
2014-11-22 17:02:51,239 - Using logger class org.apache.velocity.runtime.log.Log4JLogChute
2014-11-22 17:02:51,242 - ResourceLoader instantiated: org.apache.velocity.runtime.resource.loader.ClasspathResourceLoader
2014-11-22 17:02:51,255 - ResourceCache: initialized (class org.apache.velocity.runtime.resource.ResourceCacheImpl) with class java.util.Collections$SynchronizedMap cache map.
2014-11-22 17:02:51,257 - Loaded System Directive: org.apache.velocity.runtime.directive.Stop
2014-11-22 17:02:51,258 - Loaded System Directive: org.apache.velocity.runtime.directive.Define
2014-11-22 17:02:51,259 - Loaded System Directive: org.apache.velocity.runtime.directive.Break
2014-11-22 17:02:51,259 - Loaded System Directive: org.apache.velocity.runtime.directive.Evaluate
2014-11-22 17:02:51,260 - Loaded System Directive: org.apache.velocity.runtime.directive.Literal
2014-11-22 17:02:51,261 - Loaded System Directive: org.apache.velocity.runtime.directive.Macro
2014-11-22 17:02:51,261 - Loaded System Directive: org.apache.velocity.runtime.directive.Parse
2014-11-22 17:02:51,262 - Loaded System Directive: org.apache.velocity.runtime.directive.Include
2014-11-22 17:02:51,263 - Loaded System Directive: org.apache.velocity.runtime.directive.Foreach
2014-11-22 17:02:51,290 - Created '20' parsers.
2014-11-22 17:02:51,295 - Velocimacro : "velocimacro.library" is not set.  Trying default library: VM_global_library.vm
2014-11-22 17:02:51,295 - Could not load resource 'VM_global_library.vm' from ResourceLoader org.apache.velocity.runtime.resource.loader.ClasspathResourceLoader: ClasspathResourceLoader Error: cannot find resource VM_global_library.vm
2014-11-22 17:02:51,296 - Velocimacro : Default library not found.
2014-11-22 17:02:51,296 - Velocimacro : allowInline = true : VMs can be defined inline in templates
2014-11-22 17:02:51,296 - Velocimacro : allowInlineToOverride = false : VMs defined inline may NOT replace previous VM definitions
2014-11-22 17:02:51,296 - Velocimacro : allowInlineLocal = false : VMs defined inline will be global in scope if allowed.
2014-11-22 17:02:51,296 - Velocimacro : autoload off : VM system will not automatically reload global library macros
2014-11-22 17:02:51,315 - ResourceManager : found /test.vm with loader org.apache.velocity.runtime.resource.loader.ClasspathResourceLoader
2014-11-22 17:08:09,149 - Log4JLogChute initialized using file 'velocity.log'
2014-11-22 17:08:09,150 - Initializing Velocity, Calling init()...
2014-11-22 17:08:09,150 - Starting Apache Velocity v1.7 (compiled: 2010-11-19 12:14:37)
2014-11-22 17:08:09,150 - Default Properties File: org/apache/velocity/runtime/defaults/velocity.properties
2014-11-22 17:08:09,150 - Trying to use logger class org.apache.velocity.runtime.log.Log4JLogChute
2014-11-22 17:08:09,150 - Using logger class org.apache.velocity.runtime.log.Log4JLogChute
2014-11-22 17:08:09,152 - ResourceLoader instantiated: org.apache.velocity.runtime.resource.loader.ClasspathResourceLoader
2014-11-22 17:08:09,173 - ResourceCache: initialized (class org.apache.velocity.runtime.resource.ResourceCacheImpl) with class java.util.Collections$SynchronizedMap cache map.
2014-11-22 17:08:09,175 - Loaded System Directive: org.apache.velocity.runtime.directive.Stop
2014-11-22 17:08:09,176 - Loaded System Directive: org.apache.velocity.runtime.directive.Define
2014-11-22 17:08:09,176 - Loaded System Directive: org.apache.velocity.runtime.directive.Break
2014-11-22 17:08:09,177 - Loaded System Directive: org.apache.velocity.runtime.directive.Evaluate
2014-11-22 17:08:09,177 - Loaded System Directive: org.apache.velocity.runtime.directive.Literal
2014-11-22 17:08:09,178 - Loaded System Directive: org.apache.velocity.runtime.directive.Macro
2014-11-22 17:08:09,179 - Loaded System Directive: org.apache.velocity.runtime.directive.Parse
2014-11-22 17:08:09,180 - Loaded System Directive: org.apache.velocity.runtime.directive.Include
2014-11-22 17:08:09,180 - Loaded System Directive: org.apache.velocity.runtime.directive.Foreach
2014-11-22 17:08:09,206 - Created '20' parsers.
2014-11-22 17:08:09,210 - Velocimacro : "velocimacro.library" is not set.  Trying default library: VM_global_library.vm
2014-11-22 17:08:09,210 - Could not load resource 'VM_global_library.vm' from ResourceLoader org.apache.velocity.runtime.resource.loader.ClasspathResourceLoader: ClasspathResourceLoader Error: cannot find resource VM_global_library.vm
2014-11-22 17:08:09,210 - Velocimacro : Default library not found.
2014-11-22 17:08:09,211 - Velocimacro : allowInline = true : VMs can be defined inline in templates
2014-11-22 17:08:09,211 - Velocimacro : allowInlineToOverride = false : VMs defined inline may NOT replace previous VM definitions
2014-11-22 17:08:09,211 - Velocimacro : allowInlineLocal = false : VMs defined inline will be global in scope if allowed.
2014-11-22 17:08:09,211 - Velocimacro : autoload off : VM system will not automatically reload global library macros
2014-11-22 17:08:09,229 - ResourceManager : found /test.vm with loader org.apache.velocity.runtime.resource.loader.ClasspathResourceLoader
2014-11-22 17:08:45,368 - Log4JLogChute initialized using file 'velocity.log'
2014-11-22 17:08:45,369 - Initializing Velocity, Calling init()...
2014-11-22 17:08:45,369 - Starting Apache Velocity v1.7 (compiled: 2010-11-19 12:14:37)
2014-11-22 17:08:45,369 - Default Properties File: org/apache/velocity/runtime/defaults/velocity.properties
2014-11-22 17:08:45,369 - Trying to use logger class org.apache.velocity.runtime.log.Log4JLogChute
2014-11-22 17:08:45,369 - Using logger class org.apache.velocity.runtime.log.Log4JLogChute
2014-11-22 17:08:45,372 - ResourceLoader instantiated: org.apache.velocity.runtime.resource.loader.ClasspathResourceLoader
2014-11-22 17:08:45,388 - ResourceCache: initialized (class org.apache.velocity.runtime.resource.ResourceCacheImpl) with class java.util.Collections$SynchronizedMap cache map.
2014-11-22 17:08:45,389 - Loaded System Directive: org.apache.velocity.runtime.directive.Stop
2014-11-22 17:08:45,390 - Loaded System Directive: org.apache.velocity.runtime.directive.Define
2014-11-22 17:08:45,391 - Loaded System Directive: org.apache.velocity.runtime.directive.Break
2014-11-22 17:08:45,391 - Loaded System Directive: org.apache.velocity.runtime.directive.Evaluate
2014-11-22 17:08:45,391 - Loaded System Directive: org.apache.velocity.runtime.directive.Literal
2014-11-22 17:08:45,392 - Loaded System Directive: org.apache.velocity.runtime.directive.Macro
2014-11-22 17:08:45,393 - Loaded System Directive: org.apache.velocity.runtime.directive.Parse
2014-11-22 17:08:45,394 - Loaded System Directive: org.apache.velocity.runtime.directive.Include
2014-11-22 17:08:45,395 - Loaded System Directive: org.apache.velocity.runtime.directive.Foreach
2014-11-22 17:08:45,422 - Created '20' parsers.
2014-11-22 17:08:45,430 - Velocimacro : "velocimacro.library" is not set.  Trying default library: VM_global_library.vm
2014-11-22 17:08:45,431 - Could not load resource 'VM_global_library.vm' from ResourceLoader org.apache.velocity.runtime.resource.loader.ClasspathResourceLoader: ClasspathResourceLoader Error: cannot find resource VM_global_library.vm
2014-11-22 17:08:45,431 - Velocimacro : Default library not found.
2014-11-22 17:08:45,431 - Velocimacro : allowInline = true : VMs can be defined inline in templates
2014-11-22 17:08:45,431 - Velocimacro : allowInlineToOverride = false : VMs defined inline may NOT replace previous VM definitions
2014-11-22 17:08:45,431 - Velocimacro : allowInlineLocal = false : VMs defined inline will be global in scope if allowed.
2014-11-22 17:08:45,431 - Velocimacro : autoload off : VM system will not automatically reload global library macros
2014-11-22 17:08:45,447 - ResourceManager : found /test.vm with loader org.apache.velocity.runtime.resource.loader.ClasspathResourceLoader
2014-11-22 17:23:40,765 - Log4JLogChute initialized using file 'velocity.log'
2014-11-22 17:23:40,766 - Initializing Velocity, Calling init()...
2014-11-22 17:23:40,766 - Starting Apache Velocity v1.7 (compiled: 2010-11-19 12:14:37)
2014-11-22 17:23:40,766 - Default Properties File: org/apache/velocity/runtime/defaults/velocity.properties
2014-11-22 17:23:40,766 - Trying to use logger class org.apache.velocity.runtime.log.Log4JLogChute
2014-11-22 17:23:40,766 - Using logger class org.apache.velocity.runtime.log.Log4JLogChute
2014-11-22 17:23:40,770 - ResourceLoader instantiated: org.apache.velocity.runtime.resource.loader.ClasspathResourceLoader
2014-11-22 17:23:40,788 - ResourceCache: initialized (class org.apache.velocity.runtime.resource.ResourceCacheImpl) with class java.util.Collections$SynchronizedMap cache map.
2014-11-22 17:23:40,789 - Loaded System Directive: org.apache.velocity.runtime.directive.Stop
2014-11-22 17:23:40,790 - Loaded System Directive: org.apache.velocity.runtime.directive.Define
2014-11-22 17:23:40,791 - Loaded System Directive: org.apache.velocity.runtime.directive.Break
2014-11-22 17:23:40,792 - Loaded System Directive: org.apache.velocity.runtime.directive.Evaluate
2014-11-22 17:23:40,793 - Loaded System Directive: org.apache.velocity.runtime.directive.Literal
2014-11-22 17:23:40,794 - Loaded System Directive: org.apache.velocity.runtime.directive.Macro
2014-11-22 17:23:40,795 - Loaded System Directive: org.apache.velocity.runtime.directive.Parse
2014-11-22 17:23:40,796 - Loaded System Directive: org.apache.velocity.runtime.directive.Include
2014-11-22 17:23:40,797 - Loaded System Directive: org.apache.velocity.runtime.directive.Foreach
2014-11-22 17:23:40,832 - Created '20' parsers.
2014-11-22 17:23:40,838 - Velocimacro : "velocimacro.library" is not set.  Trying default library: VM_global_library.vm
2014-11-22 17:23:40,838 - Could not load resource 'VM_global_library.vm' from ResourceLoader org.apache.velocity.runtime.resource.loader.ClasspathResourceLoader: ClasspathResourceLoader Error: cannot find resource VM_global_library.vm
2014-11-22 17:23:40,838 - Velocimacro : Default library not found.
2014-11-22 17:23:40,839 - Velocimacro : allowInline = true : VMs can be defined inline in templates
2014-11-22 17:23:40,839 - Velocimacro : allowInlineToOverride = false : VMs defined inline may NOT replace previous VM definitions
2014-11-22 17:23:40,839 - Velocimacro : allowInlineLocal = false : VMs defined inline will be global in scope if allowed.
2014-11-22 17:23:40,839 - Velocimacro : autoload off : VM system will not automatically reload global library macros
2014-11-22 17:23:40,856 - ResourceManager : found /test.vm with loader org.apache.velocity.runtime.resource.loader.ClasspathResourceLoader
2014-11-22 17:43:16,652 - Log4JLogChute initialized using file 'velocity.log'
2014-11-22 17:43:16,653 - Initializing Velocity, Calling init()...
2014-11-22 17:43:16,653 - Starting Apache Velocity v1.7 (compiled: 2010-11-19 12:14:37)
2014-11-22 17:43:16,653 - Default Properties File: org/apache/velocity/runtime/defaults/velocity.properties
2014-11-22 17:43:16,653 - Trying to use logger class org.apache.velocity.runtime.log.Log4JLogChute
2014-11-22 17:43:16,653 - Using logger class org.apache.velocity.runtime.log.Log4JLogChute
2014-11-22 17:43:16,655 - ResourceLoader instantiated: org.apache.velocity.runtime.resource.loader.ClasspathResourceLoader
2014-11-22 17:43:16,667 - ResourceCache: initialized (class org.apache.velocity.runtime.resource.ResourceCacheImpl) with class java.util.Collections$SynchronizedMap cache map.
2014-11-22 17:43:16,669 - Loaded System Directive: org.apache.velocity.runtime.directive.Stop
2014-11-22 17:43:16,670 - Loaded System Directive: org.apache.velocity.runtime.directive.Define
2014-11-22 17:43:16,671 - Loaded System Directive: org.apache.velocity.runtime.directive.Break
2014-11-22 17:43:16,671 - Loaded System Directive: org.apache.velocity.runtime.directive.Evaluate
2014-11-22 17:43:16,672 - Loaded System Directive: org.apache.velocity.runtime.directive.Literal
2014-11-22 17:43:16,673 - Loaded System Directive: org.apache.velocity.runtime.directive.Macro
2014-11-22 17:43:16,674 - Loaded System Directive: org.apache.velocity.runtime.directive.Parse
2014-11-22 17:43:16,676 - Loaded System Directive: org.apache.velocity.runtime.directive.Include
2014-11-22 17:43:16,676 - Loaded System Directive: org.apache.velocity.runtime.directive.Foreach
2014-11-22 17:43:16,703 - Created '20' parsers.
2014-11-22 17:43:16,710 - Velocimacro : "velocimacro.library" is not set.  Trying default library: VM_global_library.vm
2014-11-22 17:43:16,711 - Could not load resource 'VM_global_library.vm' from ResourceLoader org.apache.velocity.runtime.resource.loader.ClasspathResourceLoader: ClasspathResourceLoader Error: cannot find resource VM_global_library.vm
2014-11-22 17:43:16,711 - Velocimacro : Default library not found.
2014-11-22 17:43:16,711 - Velocimacro : allowInline = true : VMs can be defined inline in templates
2014-11-22 17:43:16,711 - Velocimacro : allowInlineToOverride = false : VMs defined inline may NOT replace previous VM definitions
2014-11-22 17:43:16,711 - Velocimacro : allowInlineLocal = false : VMs defined inline will be global in scope if allowed.
2014-11-22 17:43:16,711 - Velocimacro : autoload off : VM system will not automatically reload global library macros
2014-11-22 17:43:16,725 - ResourceManager : found /test.vm with loader org.apache.velocity.runtime.resource.loader.ClasspathResourceLoader
2014-11-22 17:43:31,085 - Log4JLogChute initialized using file 'velocity.log'
2014-11-22 17:43:31,085 - Initializing Velocity, Calling init()...
2014-11-22 17:43:31,085 - Starting Apache Velocity v1.7 (compiled: 2010-11-19 12:14:37)
2014-11-22 17:43:31,085 - Default Properties File: org/apache/velocity/runtime/defaults/velocity.properties
2014-11-22 17:43:31,085 - Trying to use logger class org.apache.velocity.runtime.log.Log4JLogChute
2014-11-22 17:43:31,085 - Using logger class org.apache.velocity.runtime.log.Log4JLogChute
2014-11-22 17:43:31,088 - ResourceLoader instantiated: org.apache.velocity.runtime.resource.loader.ClasspathResourceLoader
2014-11-22 17:43:31,104 - ResourceCache: initialized (class org.apache.velocity.runtime.resource.ResourceCacheImpl) with class java.util.Collections$SynchronizedMap cache map.
2014-11-22 17:43:31,105 - Loaded System Directive: org.apache.velocity.runtime.directive.Stop
2014-11-22 17:43:31,107 - Loaded System Directive: org.apache.velocity.runtime.directive.Define
2014-11-22 17:43:31,107 - Loaded System Directive: org.apache.velocity.runtime.directive.Break
2014-11-22 17:43:31,108 - Loaded System Directive: org.apache.velocity.runtime.directive.Evaluate
2014-11-22 17:43:31,109 - Loaded System Directive: org.apache.velocity.runtime.directive.Literal
2014-11-22 17:43:31,110 - Loaded System Directive: org.apache.velocity.runtime.directive.Macro
2014-11-22 17:43:31,111 - Loaded System Directive: org.apache.velocity.runtime.directive.Parse
2014-11-22 17:43:31,112 - Loaded System Directive: org.apache.velocity.runtime.directive.Include
2014-11-22 17:43:31,113 - Loaded System Directive: org.apache.velocity.runtime.directive.Foreach
2014-11-22 17:43:31,137 - Created '20' parsers.
2014-11-22 17:43:31,142 - Velocimacro : "velocimacro.library" is not set.  Trying default library: VM_global_library.vm
2014-11-22 17:43:31,143 - Could not load resource 'VM_global_library.vm' from ResourceLoader org.apache.velocity.runtime.resource.loader.ClasspathResourceLoader: ClasspathResourceLoader Error: cannot find resource VM_global_library.vm
2014-11-22 17:43:31,143 - Velocimacro : Default library not found.
2014-11-22 17:43:31,143 - Velocimacro : allowInline = true : VMs can be defined inline in templates
2014-11-22 17:43:31,143 - Velocimacro : allowInlineToOverride = false : VMs defined inline may NOT replace previous VM definitions
2014-11-22 17:43:31,143 - Velocimacro : allowInlineLocal = false : VMs defined inline will be global in scope if allowed.
2014-11-22 17:43:31,143 - Velocimacro : autoload off : VM system will not automatically reload global library macros
2014-11-22 17:43:31,158 - ResourceManager : found /test.vm with loader org.apache.velocity.runtime.resource.loader.ClasspathResourceLoader
2014-11-22 17:43:36,899 - Log4JLogChute initialized using file 'velocity.log'
2014-11-22 17:43:36,899 - Initializing Velocity, Calling init()...
2014-11-22 17:43:36,900 - Starting Apache Velocity v1.7 (compiled: 2010-11-19 12:14:37)
2014-11-22 17:43:36,900 - Default Properties File: org/apache/velocity/runtime/defaults/velocity.properties
2014-11-22 17:43:36,900 - Trying to use logger class org.apache.velocity.runtime.log.Log4JLogChute
2014-11-22 17:43:36,900 - Using logger class org.apache.velocity.runtime.log.Log4JLogChute
2014-11-22 17:43:36,902 - ResourceLoader instantiated: org.apache.velocity.runtime.resource.loader.ClasspathResourceLoader
2014-11-22 17:43:36,914 - ResourceCache: initialized (class org.apache.velocity.runtime.resource.ResourceCacheImpl) with class java.util.Collections$SynchronizedMap cache map.
2014-11-22 17:43:36,915 - Loaded System Directive: org.apache.velocity.runtime.directive.Stop
2014-11-22 17:43:36,916 - Loaded System Directive: org.apache.velocity.runtime.directive.Define
2014-11-22 17:43:36,917 - Loaded System Directive: org.apache.velocity.runtime.directive.Break
2014-11-22 17:43:36,917 - Loaded System Directive: org.apache.velocity.runtime.directive.Evaluate
2014-11-22 17:43:36,918 - Loaded System Directive: org.apache.velocity.runtime.directive.Literal
2014-11-22 17:43:36,919 - Loaded System Directive: org.apache.velocity.runtime.directive.Macro
2014-11-22 17:43:36,920 - Loaded System Directive: org.apache.velocity.runtime.directive.Parse
2014-11-22 17:43:36,921 - Loaded System Directive: org.apache.velocity.runtime.directive.Include
2014-11-22 17:43:36,922 - Loaded System Directive: org.apache.velocity.runtime.directive.Foreach
2014-11-22 17:43:36,953 - Created '20' parsers.
2014-11-22 17:43:36,958 - Velocimacro : "velocimacro.library" is not set.  Trying default library: VM_global_library.vm
2014-11-22 17:43:36,959 - Could not load resource 'VM_global_library.vm' from ResourceLoader org.apache.velocity.runtime.resource.loader.ClasspathResourceLoader: ClasspathResourceLoader Error: cannot find resource VM_global_library.vm
2014-11-22 17:43:36,959 - Velocimacro : Default library not found.
2014-11-22 17:43:36,959 - Velocimacro : allowInline = true : VMs can be defined inline in templates
2014-11-22 17:43:36,959 - Velocimacro : allowInlineToOverride = false : VMs defined inline may NOT replace previous VM definitions
2014-11-22 17:43:36,959 - Velocimacro : allowInlineLocal = false : VMs defined inline will be global in scope if allowed.
2014-11-22 17:43:36,959 - Velocimacro : autoload off : VM system will not automatically reload global library macros
2014-11-22 17:43:36,971 - ResourceManager : found /test.vm with loader org.apache.velocity.runtime.resource.loader.ClasspathResourceLoader
2014-11-22 17:44:14,940 - Log4JLogChute initialized using file 'velocity.log'
2014-11-22 17:44:14,941 - Initializing Velocity, Calling init()...
2014-11-22 17:44:14,941 - Starting Apache Velocity v1.7 (compiled: 2010-11-19 12:14:37)
2014-11-22 17:44:14,941 - Default Properties File: org/apache/velocity/runtime/defaults/velocity.properties
2014-11-22 17:44:14,941 - Trying to use logger class org.apache.velocity.runtime.log.Log4JLogChute
2014-11-22 17:44:14,941 - Using logger class org.apache.velocity.runtime.log.Log4JLogChute
2014-11-22 17:44:14,944 - ResourceLoader instantiated: org.apache.velocity.runtime.resource.loader.ClasspathResourceLoader
2014-11-22 17:44:14,956 - ResourceCache: initialized (class org.apache.velocity.runtime.resource.ResourceCacheImpl) with class java.util.Collections$SynchronizedMap cache map.
2014-11-22 17:44:14,957 - Loaded System Directive: org.apache.velocity.runtime.directive.Stop
2014-11-22 17:44:14,958 - Loaded System Directive: org.apache.velocity.runtime.directive.Define
2014-11-22 17:44:14,959 - Loaded System Directive: org.apache.velocity.runtime.directive.Break
2014-11-22 17:44:14,959 - Loaded System Directive: org.apache.velocity.runtime.directive.Evaluate
2014-11-22 17:44:14,960 - Loaded System Directive: org.apache.velocity.runtime.directive.Literal
2014-11-22 17:44:14,961 - Loaded System Directive: org.apache.velocity.runtime.directive.Macro
2014-11-22 17:44:14,962 - Loaded System Directive: org.apache.velocity.runtime.directive.Parse
2014-11-22 17:44:14,963 - Loaded System Directive: org.apache.velocity.runtime.directive.Include
2014-11-22 17:44:14,964 - Loaded System Directive: org.apache.velocity.runtime.directive.Foreach
2014-11-22 17:44:14,986 - Created '20' parsers.
2014-11-22 17:44:14,990 - Velocimacro : "velocimacro.library" is not set.  Trying default library: VM_global_library.vm
2014-11-22 17:44:14,990 - Could not load resource 'VM_global_library.vm' from ResourceLoader org.apache.velocity.runtime.resource.loader.ClasspathResourceLoader: ClasspathResourceLoader Error: cannot find resource VM_global_library.vm
2014-11-22 17:44:14,990 - Velocimacro : Default library not found.
2014-11-22 17:44:14,990 - Velocimacro : allowInline = true : VMs can be defined inline in templates
2014-11-22 17:44:14,990 - Velocimacro : allowInlineToOverride = false : VMs defined inline may NOT replace previous VM definitions
2014-11-22 17:44:14,990 - Velocimacro : allowInlineLocal = false : VMs defined inline will be global in scope if allowed.
2014-11-22 17:44:14,990 - Velocimacro : autoload off : VM system will not automatically reload global library macros
2014-11-22 17:44:15,003 - ResourceManager : found /test.vm with loader org.apache.velocity.runtime.resource.loader.ClasspathResourceLoader
2014-11-22 17:45:37,406 - Log4JLogChute initialized using file 'velocity.log'
2014-11-22 17:45:37,407 - Initializing Velocity, Calling init()...
2014-11-22 17:45:37,407 - Starting Apache Velocity v1.7 (compiled: 2010-11-19 12:14:37)
2014-11-22 17:45:37,407 - Default Properties File: org/apache/velocity/runtime/defaults/velocity.properties
2014-11-22 17:45:37,407 - Trying to use logger class org.apache.velocity.runtime.log.Log4JLogChute
2014-11-22 17:45:37,407 - Using logger class org.apache.velocity.runtime.log.Log4JLogChute
2014-11-22 17:45:37,410 - ResourceLoader instantiated: org.apache.velocity.runtime.resource.loader.ClasspathResourceLoader
2014-11-22 17:45:37,423 - ResourceCache: initialized (class org.apache.velocity.runtime.resource.ResourceCacheImpl) with class java.util.Collections$SynchronizedMap cache map.
2014-11-22 17:45:37,424 - Loaded System Directive: org.apache.velocity.runtime.directive.Stop
2014-11-22 17:45:37,425 - Loaded System Directive: org.apache.velocity.runtime.directive.Define
2014-11-22 17:45:37,426 - Loaded System Directive: org.apache.velocity.runtime.directive.Break
2014-11-22 17:45:37,426 - Loaded System Directive: org.apache.velocity.runtime.directive.Evaluate
2014-11-22 17:45:37,427 - Loaded System Directive: org.apache.velocity.runtime.directive.Literal
2014-11-22 17:45:37,428 - Loaded System Directive: org.apache.velocity.runtime.directive.Macro
2014-11-22 17:45:37,429 - Loaded System Directive: org.apache.velocity.runtime.directive.Parse
2014-11-22 17:45:37,430 - Loaded System Directive: org.apache.velocity.runtime.directive.Include
2014-11-22 17:45:37,432 - Loaded System Directive: org.apache.velocity.runtime.directive.Foreach
2014-11-22 17:45:37,456 - Created '20' parsers.
2014-11-22 17:45:37,462 - Velocimacro : "velocimacro.library" is not set.  Trying default library: VM_global_library.vm
2014-11-22 17:45:37,462 - Could not load resource 'VM_global_library.vm' from ResourceLoader org.apache.velocity.runtime.resource.loader.ClasspathResourceLoader: ClasspathResourceLoader Error: cannot find resource VM_global_library.vm
2014-11-22 17:45:37,462 - Velocimacro : Default library not found.
2014-11-22 17:45:37,462 - Velocimacro : allowInline = true : VMs can be defined inline in templates
2014-11-22 17:45:37,462 - Velocimacro : allowInlineToOverride = false : VMs defined inline may NOT replace previous VM definitions
2014-11-22 17:45:37,462 - Velocimacro : allowInlineLocal = false : VMs defined inline will be global in scope if allowed.
2014-11-22 17:45:37,462 - Velocimacro : autoload off : VM system will not automatically reload global library macros
2014-11-22 17:45:37,473 - ResourceManager : found /test.vm with loader org.apache.velocity.runtime.resource.loader.ClasspathResourceLoader
2014-11-22 17:45:51,440 - Log4JLogChute initialized using file 'velocity.log'
2014-11-22 17:45:51,440 - Initializing Velocity, Calling init()...
2014-11-22 17:45:51,440 - Starting Apache Velocity v1.7 (compiled: 2010-11-19 12:14:37)
2014-11-22 17:45:51,440 - Default Properties File: org/apache/velocity/runtime/defaults/velocity.properties
2014-11-22 17:45:51,440 - Trying to use logger class org.apache.velocity.runtime.log.Log4JLogChute
2014-11-22 17:45:51,440 - Using logger class org.apache.velocity.runtime.log.Log4JLogChute
2014-11-22 17:45:51,442 - ResourceLoader instantiated: org.apache.velocity.runtime.resource.loader.ClasspathResourceLoader
2014-11-22 17:45:51,450 - ResourceCache: initialized (class org.apache.velocity.runtime.resource.ResourceCacheImpl) with class java.util.Collections$SynchronizedMap cache map.
2014-11-22 17:45:51,451 - Loaded System Directive: org.apache.velocity.runtime.directive.Stop
2014-11-22 17:45:51,452 - Loaded System Directive: org.apache.velocity.runtime.directive.Define
2014-11-22 17:45:51,452 - Loaded System Directive: org.apache.velocity.runtime.directive.Break
2014-11-22 17:45:51,452 - Loaded System Directive: org.apache.velocity.runtime.directive.Evaluate
2014-11-22 17:45:51,453 - Loaded System Directive: org.apache.velocity.runtime.directive.Literal
2014-11-22 17:45:51,453 - Loaded System Directive: org.apache.velocity.runtime.directive.Macro
2014-11-22 17:45:51,454 - Loaded System Directive: org.apache.velocity.runtime.directive.Parse
2014-11-22 17:45:51,455 - Loaded System Directive: org.apache.velocity.runtime.directive.Include
2014-11-22 17:45:51,456 - Loaded System Directive: org.apache.velocity.runtime.directive.Foreach
2014-11-22 17:45:51,474 - Created '20' parsers.
2014-11-22 17:45:51,477 - Velocimacro : "velocimacro.library" is not set.  Trying default library: VM_global_library.vm
2014-11-22 17:45:51,478 - Could not load resource 'VM_global_library.vm' from ResourceLoader org.apache.velocity.runtime.resource.loader.ClasspathResourceLoader: ClasspathResourceLoader Error: cannot find resource VM_global_library.vm
2014-11-22 17:45:51,478 - Velocimacro : Default library not found.
2014-11-22 17:45:51,478 - Velocimacro : allowInline = true : VMs can be defined inline in templates
2014-11-22 17:45:51,478 - Velocimacro : allowInlineToOverride = false : VMs defined inline may NOT replace previous VM definitions
2014-11-22 17:45:51,478 - Velocimacro : allowInlineLocal = false : VMs defined inline will be global in scope if allowed.
2014-11-22 17:45:51,478 - Velocimacro : autoload off : VM system will not automatically reload global library macros
2014-11-22 17:45:51,490 - ResourceManager : found /test.vm with loader org.apache.velocity.runtime.resource.loader.ClasspathResourceLoader
2014-11-22 17:46:00,361 - Log4JLogChute initialized using file 'velocity.log'
2014-11-22 17:46:00,361 - Initializing Velocity, Calling init()...
2014-11-22 17:46:00,361 - Starting Apache Velocity v1.7 (compiled: 2010-11-19 12:14:37)
2014-11-22 17:46:00,361 - Default Properties File: org/apache/velocity/runtime/defaults/velocity.properties
2014-11-22 17:46:00,361 - Trying to use logger class org.apache.velocity.runtime.log.Log4JLogChute
2014-11-22 17:46:00,361 - Using logger class org.apache.velocity.runtime.log.Log4JLogChute
2014-11-22 17:46:00,363 - ResourceLoader instantiated: org.apache.velocity.runtime.resource.loader.ClasspathResourceLoader
2014-11-22 17:46:00,372 - ResourceCache: initialized (class org.apache.velocity.runtime.resource.ResourceCacheImpl) with class java.util.Collections$SynchronizedMap cache map.
2014-11-22 17:46:00,373 - Loaded System Directive: org.apache.velocity.runtime.directive.Stop
2014-11-22 17:46:00,373 - Loaded System Directive: org.apache.velocity.runtime.directive.Define
2014-11-22 17:46:00,374 - Loaded System Directive: org.apache.velocity.runtime.directive.Break
2014-11-22 17:46:00,374 - Loaded System Directive: org.apache.velocity.runtime.directive.Evaluate
2014-11-22 17:46:00,375 - Loaded System Directive: org.apache.velocity.runtime.directive.Literal
2014-11-22 17:46:00,376 - Loaded System Directive: org.apache.velocity.runtime.directive.Macro
2014-11-22 17:46:00,376 - Loaded System Directive: org.apache.velocity.runtime.directive.Parse
2014-11-22 17:46:00,377 - Loaded System Directive: org.apache.velocity.runtime.directive.Include
2014-11-22 17:46:00,378 - Loaded System Directive: org.apache.velocity.runtime.directive.Foreach
2014-11-22 17:46:00,398 - Created '20' parsers.
2014-11-22 17:46:00,401 - Velocimacro : "velocimacro.library" is not set.  Trying default library: VM_global_library.vm
2014-11-22 17:46:00,402 - Could not load resource 'VM_global_library.vm' from ResourceLoader org.apache.velocity.runtime.resource.loader.ClasspathResourceLoader: ClasspathResourceLoader Error: cannot find resource VM_global_library.vm
2014-11-22 17:46:00,402 - Velocimacro : Default library not found.
2014-11-22 17:46:00,402 - Velocimacro : allowInline = true : VMs can be defined inline in templates
2014-11-22 17:46:00,402 - Velocimacro : allowInlineToOverride = false : VMs defined inline may NOT replace previous VM definitions
2014-11-22 17:46:00,402 - Velocimacro : allowInlineLocal = false : VMs defined inline will be global in scope if allowed.
2014-11-22 17:46:00,402 - Velocimacro : autoload off : VM system will not automatically reload global library macros
2014-11-22 17:46:00,414 - ResourceManager : found /test.vm with loader org.apache.velocity.runtime.resource.loader.ClasspathResourceLoader
2014-11-22 17:48:06,446 - Log4JLogChute initialized using file 'velocity.log'
2014-11-22 17:48:06,446 - Initializing Velocity, Calling init()...
2014-11-22 17:48:06,446 - Starting Apache Velocity v1.7 (compiled: 2010-11-19 12:14:37)
2014-11-22 17:48:06,446 - Default Properties File: org/apache/velocity/runtime/defaults/velocity.properties
2014-11-22 17:48:06,446 - Trying to use logger class org.apache.velocity.runtime.log.Log4JLogChute
2014-11-22 17:48:06,446 - Using logger class org.apache.velocity.runtime.log.Log4JLogChute
2014-11-22 17:48:06,449 - ResourceLoader instantiated: org.apache.velocity.runtime.resource.loader.ClasspathResourceLoader
2014-11-22 17:48:06,459 - ResourceCache: initialized (class org.apache.velocity.runtime.resource.ResourceCacheImpl) with class java.util.Collections$SynchronizedMap cache map.
2014-11-22 17:48:06,460 - Loaded System Directive: org.apache.velocity.runtime.directive.Stop
2014-11-22 17:48:06,461 - Loaded System Directive: org.apache.velocity.runtime.directive.Define
2014-11-22 17:48:06,462 - Loaded System Directive: org.apache.velocity.runtime.directive.Break
2014-11-22 17:48:06,462 - Loaded System Directive: org.apache.velocity.runtime.directive.Evaluate
2014-11-22 17:48:06,462 - Loaded System Directive: org.apache.velocity.runtime.directive.Literal
2014-11-22 17:48:06,463 - Loaded System Directive: org.apache.velocity.runtime.directive.Macro
2014-11-22 17:48:06,464 - Loaded System Directive: org.apache.velocity.runtime.directive.Parse
2014-11-22 17:48:06,465 - Loaded System Directive: org.apache.velocity.runtime.directive.Include
2014-11-22 17:48:06,466 - Loaded System Directive: org.apache.velocity.runtime.directive.Foreach
2014-11-22 17:48:06,486 - Created '20' parsers.
2014-11-22 17:48:06,489 - Velocimacro : "velocimacro.library" is not set.  Trying default library: VM_global_library.vm
2014-11-22 17:48:06,490 - Could not load resource 'VM_global_library.vm' from ResourceLoader org.apache.velocity.runtime.resource.loader.ClasspathResourceLoader: ClasspathResourceLoader Error: cannot find resource VM_global_library.vm
2014-11-22 17:48:06,490 - Velocimacro : Default library not found.
2014-11-22 17:48:06,490 - Velocimacro : allowInline = true : VMs can be defined inline in templates
2014-11-22 17:48:06,490 - Velocimacro : allowInlineToOverride = false : VMs defined inline may NOT replace previous VM definitions
2014-11-22 17:48:06,490 - Velocimacro : allowInlineLocal = false : VMs defined inline will be global in scope if allowed.
2014-11-22 17:48:06,490 - Velocimacro : autoload off : VM system will not automatically reload global library macros
2014-11-22 17:48:06,502 - ResourceManager : found /test.vm with loader org.apache.velocity.runtime.resource.loader.ClasspathResourceLoader
2014-11-22 17:48:32,520 - Log4JLogChute initialized using file 'velocity.log'
2014-11-22 17:48:32,520 - Initializing Velocity, Calling init()...
2014-11-22 17:48:32,520 - Starting Apache Velocity v1.7 (compiled: 2010-11-19 12:14:37)
2014-11-22 17:48:32,520 - Default Properties File: org/apache/velocity/runtime/defaults/velocity.properties
2014-11-22 17:48:32,520 - Trying to use logger class org.apache.velocity.runtime.log.Log4JLogChute
2014-11-22 17:48:32,520 - Using logger class org.apache.velocity.runtime.log.Log4JLogChute
2014-11-22 17:48:32,522 - ResourceLoader instantiated: org.apache.velocity.runtime.resource.loader.ClasspathResourceLoader
2014-11-22 17:48:32,532 - ResourceCache: initialized (class org.apache.velocity.runtime.resource.ResourceCacheImpl) with class java.util.Collections$SynchronizedMap cache map.
2014-11-22 17:48:32,533 - Loaded System Directive: org.apache.velocity.runtime.directive.Stop
2014-11-22 17:48:32,534 - Loaded System Directive: org.apache.velocity.runtime.directive.Define
2014-11-22 17:48:32,534 - Loaded System Directive: org.apache.velocity.runtime.directive.Break
2014-11-22 17:48:32,535 - Loaded System Directive: org.apache.velocity.runtime.directive.Evaluate
2014-11-22 17:48:32,535 - Loaded System Directive: org.apache.velocity.runtime.directive.Literal
2014-11-22 17:48:32,536 - Loaded System Directive: org.apache.velocity.runtime.directive.Macro
2014-11-22 17:48:32,537 - Loaded System Directive: org.apache.velocity.runtime.directive.Parse
2014-11-22 17:48:32,537 - Loaded System Directive: org.apache.velocity.runtime.directive.Include
2014-11-22 17:48:32,538 - Loaded System Directive: org.apache.velocity.runtime.directive.Foreach
2014-11-22 17:48:32,559 - Created '20' parsers.
2014-11-22 17:48:32,562 - Velocimacro : "velocimacro.library" is not set.  Trying default library: VM_global_library.vm
2014-11-22 17:48:32,563 - Could not load resource 'VM_global_library.vm' from ResourceLoader org.apache.velocity.runtime.resource.loader.ClasspathResourceLoader: ClasspathResourceLoader Error: cannot find resource VM_global_library.vm
2014-11-22 17:48:32,563 - Velocimacro : Default library not found.
2014-11-22 17:48:32,563 - Velocimacro : allowInline = true : VMs can be defined inline in templates
2014-11-22 17:48:32,563 - Velocimacro : allowInlineToOverride = false : VMs defined inline may NOT replace previous VM definitions
2014-11-22 17:48:32,563 - Velocimacro : allowInlineLocal = false : VMs defined inline will be global in scope if allowed.
2014-11-22 17:48:32,563 - Velocimacro : autoload off : VM system will not automatically reload global library macros
2014-11-22 17:48:32,575 - ResourceManager : found /test.vm with loader org.apache.velocity.runtime.resource.loader.ClasspathResourceLoader
2014-11-22 17:48:48,465 - Log4JLogChute initialized using file 'velocity.log'
2014-11-22 17:48:48,465 - Initializing Velocity, Calling init()...
2014-11-22 17:48:48,465 - Starting Apache Velocity v1.7 (compiled: 2010-11-19 12:14:37)
2014-11-22 17:48:48,465 - Default Properties File: org/apache/velocity/runtime/defaults/velocity.properties
2014-11-22 17:48:48,465 - Trying to use logger class org.apache.velocity.runtime.log.Log4JLogChute
2014-11-22 17:48:48,465 - Using logger class org.apache.velocity.runtime.log.Log4JLogChute
2014-11-22 17:48:48,467 - ResourceLoader instantiated: org.apache.velocity.runtime.resource.loader.ClasspathResourceLoader
2014-11-22 17:48:48,476 - ResourceCache: initialized (class org.apache.velocity.runtime.resource.ResourceCacheImpl) with class java.util.Collections$SynchronizedMap cache map.
2014-11-22 17:48:48,477 - Loaded System Directive: org.apache.velocity.runtime.directive.Stop
2014-11-22 17:48:48,478 - Loaded System Directive: org.apache.velocity.runtime.directive.Define
2014-11-22 17:48:48,479 - Loaded System Directive: org.apache.velocity.runtime.directive.Break
2014-11-22 17:48:48,480 - Loaded System Directive: org.apache.velocity.runtime.directive.Evaluate
2014-11-22 17:48:48,480 - Loaded System Directive: org.apache.velocity.runtime.directive.Literal
2014-11-22 17:48:48,481 - Loaded System Directive: org.apache.velocity.runtime.directive.Macro
2014-11-22 17:48:48,482 - Loaded System Directive: org.apache.velocity.runtime.directive.Parse
2014-11-22 17:48:48,482 - Loaded System Directive: org.apache.velocity.runtime.directive.Include
2014-11-22 17:48:48,483 - Loaded System Directive: org.apache.velocity.runtime.directive.Foreach
2014-11-22 17:48:48,503 - Created '20' parsers.
2014-11-22 17:48:48,506 - Velocimacro : "velocimacro.library" is not set.  Trying default library: VM_global_library.vm
2014-11-22 17:48:48,507 - Could not load resource 'VM_global_library.vm' from ResourceLoader org.apache.velocity.runtime.resource.loader.ClasspathResourceLoader: ClasspathResourceLoader Error: cannot find resource VM_global_library.vm
2014-11-22 17:48:48,507 - Velocimacro : Default library not found.
2014-11-22 17:48:48,507 - Velocimacro : allowInline = true : VMs can be defined inline in templates
2014-11-22 17:48:48,507 - Velocimacro : allowInlineToOverride = false : VMs defined inline may NOT replace previous VM definitions
2014-11-22 17:48:48,507 - Velocimacro : allowInlineLocal = false : VMs defined inline will be global in scope if allowed.
2014-11-22 17:48:48,507 - Velocimacro : autoload off : VM system will not automatically reload global library macros
2014-11-22 17:48:48,518 - ResourceManager : found /test.vm with loader org.apache.velocity.runtime.resource.loader.ClasspathResourceLoader
2014-11-22 17:49:23,376 - Log4JLogChute initialized using file 'velocity.log'
2014-11-22 17:49:23,377 - Initializing Velocity, Calling init()...
2014-11-22 17:49:23,377 - Starting Apache Velocity v1.7 (compiled: 2010-11-19 12:14:37)
2014-11-22 17:49:23,377 - Default Properties File: org/apache/velocity/runtime/defaults/velocity.properties
2014-11-22 17:49:23,377 - Trying to use logger class org.apache.velocity.runtime.log.Log4JLogChute
2014-11-22 17:49:23,377 - Using logger class org.apache.velocity.runtime.log.Log4JLogChute
2014-11-22 17:49:23,379 - ResourceLoader instantiated: org.apache.velocity.runtime.resource.loader.ClasspathResourceLoader
2014-11-22 17:49:23,390 - ResourceCache: initialized (class org.apache.velocity.runtime.resource.ResourceCacheImpl) with class java.util.Collections$SynchronizedMap cache map.
2014-11-22 17:49:23,391 - Loaded System Directive: org.apache.velocity.runtime.directive.Stop
2014-11-22 17:49:23,392 - Loaded System Directive: org.apache.velocity.runtime.directive.Define
2014-11-22 17:49:23,392 - Loaded System Directive: org.apache.velocity.runtime.directive.Break
2014-11-22 17:49:23,393 - Loaded System Directive: org.apache.velocity.runtime.directive.Evaluate
2014-11-22 17:49:23,393 - Loaded System Directive: org.apache.velocity.runtime.directive.Literal
2014-11-22 17:49:23,394 - Loaded System Directive: org.apache.velocity.runtime.directive.Macro
2014-11-22 17:49:23,395 - Loaded System Directive: org.apache.velocity.runtime.directive.Parse
2014-11-22 17:49:23,395 - Loaded System Directive: org.apache.velocity.runtime.directive.Include
2014-11-22 17:49:23,396 - Loaded System Directive: org.apache.velocity.runtime.directive.Foreach
2014-11-22 17:49:23,416 - Created '20' parsers.
2014-11-22 17:49:23,420 - Velocimacro : "velocimacro.library" is not set.  Trying default library: VM_global_library.vm
2014-11-22 17:49:23,420 - Could not load resource 'VM_global_library.vm' from ResourceLoader org.apache.velocity.runtime.resource.loader.ClasspathResourceLoader: ClasspathResourceLoader Error: cannot find resource VM_global_library.vm
2014-11-22 17:49:23,420 - Velocimacro : Default library not found.
2014-11-22 17:49:23,420 - Velocimacro : allowInline = true : VMs can be defined inline in templates
2014-11-22 17:49:23,420 - Velocimacro : allowInlineToOverride = false : VMs defined inline may NOT replace previous VM definitions
2014-11-22 17:49:23,420 - Velocimacro : allowInlineLocal = false : VMs defined inline will be global in scope if allowed.
2014-11-22 17:49:23,420 - Velocimacro : autoload off : VM system will not automatically reload global library macros
2014-11-22 17:49:23,433 - ResourceManager : found /test.vm with loader org.apache.velocity.runtime.resource.loader.ClasspathResourceLoader
2014-11-22 17:51:20,732 - Log4JLogChute initialized using file 'velocity.log'
2014-11-22 17:51:20,732 - Initializing Velocity, Calling init()...
2014-11-22 17:51:20,732 - Starting Apache Velocity v1.7 (compiled: 2010-11-19 12:14:37)
2014-11-22 17:51:20,732 - Default Properties File: org/apache/velocity/runtime/defaults/velocity.properties
2014-11-22 17:51:20,732 - Trying to use logger class org.apache.velocity.runtime.log.Log4JLogChute
2014-11-22 17:51:20,732 - Using logger class org.apache.velocity.runtime.log.Log4JLogChute
2014-11-22 17:51:20,735 - ResourceLoader instantiated: org.apache.velocity.runtime.resource.loader.ClasspathResourceLoader
2014-11-22 17:51:20,746 - ResourceCache: initialized (class org.apache.velocity.runtime.resource.ResourceCacheImpl) with class java.util.Collections$SynchronizedMap cache map.
2014-11-22 17:51:20,747 - Loaded System Directive: org.apache.velocity.runtime.directive.Stop
2014-11-22 17:51:20,748 - Loaded System Directive: org.apache.velocity.runtime.directive.Define
2014-11-22 17:51:20,748 - Loaded System Directive: org.apache.velocity.runtime.directive.Break
2014-11-22 17:51:20,749 - Loaded System Directive: org.apache.velocity.runtime.directive.Evaluate
2014-11-22 17:51:20,749 - Loaded System Directive: org.apache.velocity.runtime.directive.Literal
2014-11-22 17:51:20,750 - Loaded System Directive: org.apache.velocity.runtime.directive.Macro
2014-11-22 17:51:20,750 - Loaded System Directive: org.apache.velocity.runtime.directive.Parse
2014-11-22 17:51:20,751 - Loaded System Directive: org.apache.velocity.runtime.directive.Include
2014-11-22 17:51:20,752 - Loaded System Directive: org.apache.velocity.runtime.directive.Foreach
2014-11-22 17:51:20,770 - Created '20' parsers.
2014-11-22 17:51:20,774 - Velocimacro : "velocimacro.library" is not set.  Trying default library: VM_global_library.vm
2014-11-22 17:51:20,774 - Could not load resource 'VM_global_library.vm' from ResourceLoader org.apache.velocity.runtime.resource.loader.ClasspathResourceLoader: ClasspathResourceLoader Error: cannot find resource VM_global_library.vm
2014-11-22 17:51:20,774 - Velocimacro : Default library not found.
2014-11-22 17:51:20,774 - Velocimacro : allowInline = true : VMs can be defined inline in templates
2014-11-22 17:51:20,774 - Velocimacro : allowInlineToOverride = false : VMs defined inline may NOT replace previous VM definitions
2014-11-22 17:51:20,775 - Velocimacro : allowInlineLocal = false : VMs defined inline will be global in scope if allowed.
2014-11-22 17:51:20,775 - Velocimacro : autoload off : VM system will not automatically reload global library macros
2014-11-22 17:51:20,787 - ResourceManager : found /test.vm with loader org.apache.velocity.runtime.resource.loader.ClasspathResourceLoader
2014-11-22 17:51:35,771 - Log4JLogChute initialized using file 'velocity.log'
2014-11-22 17:51:35,771 - Initializing Velocity, Calling init()...
2014-11-22 17:51:35,771 - Starting Apache Velocity v1.7 (compiled: 2010-11-19 12:14:37)
2014-11-22 17:51:35,771 - Default Properties File: org/apache/velocity/runtime/defaults/velocity.properties
2014-11-22 17:51:35,771 - Trying to use logger class org.apache.velocity.runtime.log.Log4JLogChute
2014-11-22 17:51:35,771 - Using logger class org.apache.velocity.runtime.log.Log4JLogChute
2014-11-22 17:51:35,773 - ResourceLoader instantiated: org.apache.velocity.runtime.resource.loader.ClasspathResourceLoader
2014-11-22 17:51:35,781 - ResourceCache: initialized (class org.apache.velocity.runtime.resource.ResourceCacheImpl) with class java.util.Collections$SynchronizedMap cache map.
2014-11-22 17:51:35,782 - Loaded System Directive: org.apache.velocity.runtime.directive.Stop
2014-11-22 17:51:35,782 - Loaded System Directive: org.apache.velocity.runtime.directive.Define
2014-11-22 17:51:35,783 - Loaded System Directive: org.apache.velocity.runtime.directive.Break
2014-11-22 17:51:35,783 - Loaded System Directive: org.apache.velocity.runtime.directive.Evaluate
2014-11-22 17:51:35,783 - Loaded System Directive: org.apache.velocity.runtime.directive.Literal
2014-11-22 17:51:35,784 - Loaded System Directive: org.apache.velocity.runtime.directive.Macro
2014-11-22 17:51:35,785 - Loaded System Directive: org.apache.velocity.runtime.directive.Parse
2014-11-22 17:51:35,786 - Loaded System Directive: org.apache.velocity.runtime.directive.Include
2014-11-22 17:51:35,786 - Loaded System Directive: org.apache.velocity.runtime.directive.Foreach
2014-11-22 17:51:35,805 - Created '20' parsers.
2014-11-22 17:51:35,809 - Velocimacro : "velocimacro.library" is not set.  Trying default library: VM_global_library.vm
2014-11-22 17:51:35,809 - Could not load resource 'VM_global_library.vm' from ResourceLoader org.apache.velocity.runtime.resource.loader.ClasspathResourceLoader: ClasspathResourceLoader Error: cannot find resource VM_global_library.vm
2014-11-22 17:51:35,809 - Velocimacro : Default library not found.
2014-11-22 17:51:35,809 - Velocimacro : allowInline = true : VMs can be defined inline in templates
2014-11-22 17:51:35,809 - Velocimacro : allowInlineToOverride = false : VMs defined inline may NOT replace previous VM definitions
2014-11-22 17:51:35,809 - Velocimacro : allowInlineLocal = false : VMs defined inline will be global in scope if allowed.
2014-11-22 17:51:35,809 - Velocimacro : autoload off : VM system will not automatically reload global library macros
2014-11-22 17:51:35,820 - ResourceManager : found /test.vm with loader org.apache.velocity.runtime.resource.loader.ClasspathResourceLoader
2014-11-22 18:01:21,879 - Log4JLogChute initialized using file 'velocity.log'
2014-11-22 18:01:21,879 - Initializing Velocity, Calling init()...
2014-11-22 18:01:21,879 - Starting Apache Velocity v1.7 (compiled: 2010-11-19 12:14:37)
2014-11-22 18:01:21,879 - Default Properties File: org/apache/velocity/runtime/defaults/velocity.properties
2014-11-22 18:01:21,879 - Trying to use logger class org.apache.velocity.runtime.log.Log4JLogChute
2014-11-22 18:01:21,879 - Using logger class org.apache.velocity.runtime.log.Log4JLogChute
2014-11-22 18:01:21,881 - ResourceLoader instantiated: org.apache.velocity.runtime.resource.loader.ClasspathResourceLoader
2014-11-22 18:01:21,890 - ResourceCache: initialized (class org.apache.velocity.runtime.resource.ResourceCacheImpl) with class java.util.Collections$SynchronizedMap cache map.
2014-11-22 18:01:21,891 - Loaded System Directive: org.apache.velocity.runtime.directive.Stop
2014-11-22 18:01:21,892 - Loaded System Directive: org.apache.velocity.runtime.directive.Define
2014-11-22 18:01:21,893 - Loaded System Directive: org.apache.velocity.runtime.directive.Break
2014-11-22 18:01:21,893 - Loaded System Directive: org.apache.velocity.runtime.directive.Evaluate
2014-11-22 18:01:21,894 - Loaded System Directive: org.apache.velocity.runtime.directive.Literal
2014-11-22 18:01:21,895 - Loaded System Directive: org.apache.velocity.runtime.directive.Macro
2014-11-22 18:01:21,896 - Loaded System Directive: org.apache.velocity.runtime.directive.Parse
2014-11-22 18:01:21,896 - Loaded System Directive: org.apache.velocity.runtime.directive.Include
2014-11-22 18:01:21,897 - Loaded System Directive: org.apache.velocity.runtime.directive.Foreach
2014-11-22 18:01:21,918 - Created '20' parsers.
2014-11-22 18:01:21,921 - Velocimacro : "velocimacro.library" is not set.  Trying default library: VM_global_library.vm
2014-11-22 18:01:21,922 - Could not load resource 'VM_global_library.vm' from ResourceLoader org.apache.velocity.runtime.resource.loader.ClasspathResourceLoader: ClasspathResourceLoader Error: cannot find resource VM_global_library.vm
2014-11-22 18:01:21,922 - Velocimacro : Default library not found.
2014-11-22 18:01:21,922 - Velocimacro : allowInline = true : VMs can be defined inline in templates
2014-11-22 18:01:21,922 - Velocimacro : allowInlineToOverride = false : VMs defined inline may NOT replace previous VM definitions
2014-11-22 18:01:21,922 - Velocimacro : allowInlineLocal = false : VMs defined inline will be global in scope if allowed.
2014-11-22 18:01:21,922 - Velocimacro : autoload off : VM system will not automatically reload global library macros
2014-11-22 18:01:21,934 - ResourceManager : found /test.vm with loader org.apache.velocity.runtime.resource.loader.ClasspathResourceLoader
2014-11-22 18:11:09,466 - Log4JLogChute initialized using file 'velocity.log'
2014-11-22 18:11:09,467 - Initializing Velocity, Calling init()...
2014-11-22 18:11:09,467 - Starting Apache Velocity v1.7 (compiled: 2010-11-19 12:14:37)
2014-11-22 18:11:09,467 - Default Properties File: org/apache/velocity/runtime/defaults/velocity.properties
2014-11-22 18:11:09,467 - Trying to use logger class org.apache.velocity.runtime.log.Log4JLogChute
2014-11-22 18:11:09,467 - Using logger class org.apache.velocity.runtime.log.Log4JLogChute
2014-11-22 18:11:09,469 - ResourceLoader instantiated: org.apache.velocity.runtime.resource.loader.ClasspathResourceLoader
2014-11-22 18:11:09,477 - ResourceCache: initialized (class org.apache.velocity.runtime.resource.ResourceCacheImpl) with class java.util.Collections$SynchronizedMap cache map.
2014-11-22 18:11:09,478 - Loaded System Directive: org.apache.velocity.runtime.directive.Stop
2014-11-22 18:11:09,479 - Loaded System Directive: org.apache.velocity.runtime.directive.Define
2014-11-22 18:11:09,479 - Loaded System Directive: org.apache.velocity.runtime.directive.Break
2014-11-22 18:11:09,480 - Loaded System Directive: org.apache.velocity.runtime.directive.Evaluate
2014-11-22 18:11:09,480 - Loaded System Directive: org.apache.velocity.runtime.directive.Literal
2014-11-22 18:11:09,481 - Loaded System Directive: org.apache.velocity.runtime.directive.Macro
2014-11-22 18:11:09,481 - Loaded System Directive: org.apache.velocity.runtime.directive.Parse
2014-11-22 18:11:09,482 - Loaded System Directive: org.apache.velocity.runtime.directive.Include
2014-11-22 18:11:09,483 - Loaded System Directive: org.apache.velocity.runtime.directive.Foreach
2014-11-22 18:11:09,504 - Created '20' parsers.
2014-11-22 18:11:09,508 - Velocimacro : "velocimacro.library" is not set.  Trying default library: VM_global_library.vm
2014-11-22 18:11:09,508 - Could not load resource 'VM_global_library.vm' from ResourceLoader org.apache.velocity.runtime.resource.loader.ClasspathResourceLoader: ClasspathResourceLoader Error: cannot find resource VM_global_library.vm
2014-11-22 18:11:09,508 - Velocimacro : Default library not found.
2014-11-22 18:11:09,508 - Velocimacro : allowInline = true : VMs can be defined inline in templates
2014-11-22 18:11:09,508 - Velocimacro : allowInlineToOverride = false : VMs defined inline may NOT replace previous VM definitions
2014-11-22 18:11:09,508 - Velocimacro : allowInlineLocal = false : VMs defined inline will be global in scope if allowed.
2014-11-22 18:11:09,508 - Velocimacro : autoload off : VM system will not automatically reload global library macros
2014-11-22 18:11:09,521 - ResourceManager : found /test.vm with loader org.apache.velocity.runtime.resource.loader.ClasspathResourceLoader
2014-11-22 18:11:20,104 - Log4JLogChute initialized using file 'velocity.log'
2014-11-22 18:11:20,104 - Initializing Velocity, Calling init()...
2014-11-22 18:11:20,105 - Starting Apache Velocity v1.7 (compiled: 2010-11-19 12:14:37)
2014-11-22 18:11:20,105 - Default Properties File: org/apache/velocity/runtime/defaults/velocity.properties
2014-11-22 18:11:20,105 - Trying to use logger class org.apache.velocity.runtime.log.Log4JLogChute
2014-11-22 18:11:20,105 - Using logger class org.apache.velocity.runtime.log.Log4JLogChute
2014-11-22 18:11:20,108 - ResourceLoader instantiated: org.apache.velocity.runtime.resource.loader.ClasspathResourceLoader
2014-11-22 18:11:20,120 - ResourceCache: initialized (class org.apache.velocity.runtime.resource.ResourceCacheImpl) with class java.util.Collections$SynchronizedMap cache map.
2014-11-22 18:11:20,122 - Loaded System Directive: org.apache.velocity.runtime.directive.Stop
2014-11-22 18:11:20,123 - Loaded System Directive: org.apache.velocity.runtime.directive.Define
2014-11-22 18:11:20,123 - Loaded System Directive: org.apache.velocity.runtime.directive.Break
2014-11-22 18:11:20,124 - Loaded System Directive: org.apache.velocity.runtime.directive.Evaluate
2014-11-22 18:11:20,124 - Loaded System Directive: org.apache.velocity.runtime.directive.Literal
2014-11-22 18:11:20,125 - Loaded System Directive: org.apache.velocity.runtime.directive.Macro
2014-11-22 18:11:20,126 - Loaded System Directive: org.apache.velocity.runtime.directive.Parse
2014-11-22 18:11:20,128 - Loaded System Directive: org.apache.velocity.runtime.directive.Include
2014-11-22 18:11:20,129 - Loaded System Directive: org.apache.velocity.runtime.directive.Foreach
2014-11-22 18:11:20,160 - Created '20' parsers.
2014-11-22 18:11:20,166 - Velocimacro : "velocimacro.library" is not set.  Trying default library: VM_global_library.vm
2014-11-22 18:11:20,167 - Could not load resource 'VM_global_library.vm' from ResourceLoader org.apache.velocity.runtime.resource.loader.ClasspathResourceLoader: ClasspathResourceLoader Error: cannot find resource VM_global_library.vm
2014-11-22 18:11:20,167 - Velocimacro : Default library not found.
2014-11-22 18:11:20,167 - Velocimacro : allowInline = true : VMs can be defined inline in templates
2014-11-22 18:11:20,167 - Velocimacro : allowInlineToOverride = false : VMs defined inline may NOT replace previous VM definitions
2014-11-22 18:11:20,167 - Velocimacro : allowInlineLocal = false : VMs defined inline will be global in scope if allowed.
2014-11-22 18:11:20,167 - Velocimacro : autoload off : VM system will not automatically reload global library macros
2014-11-22 18:11:20,182 - ResourceManager : found /test.vm with loader org.apache.velocity.runtime.resource.loader.ClasspathResourceLoader
2014-11-22 18:13:26,447 - Log4JLogChute initialized using file 'velocity.log'
2014-11-22 18:13:26,447 - Initializing Velocity, Calling init()...
2014-11-22 18:13:26,447 - Starting Apache Velocity v1.7 (compiled: 2010-11-19 12:14:37)
2014-11-22 18:13:26,448 - Default Properties File: org/apache/velocity/runtime/defaults/velocity.properties
2014-11-22 18:13:26,448 - Trying to use logger class org.apache.velocity.runtime.log.Log4JLogChute
2014-11-22 18:13:26,448 - Using logger class org.apache.velocity.runtime.log.Log4JLogChute
2014-11-22 18:13:26,450 - ResourceLoader instantiated: org.apache.velocity.runtime.resource.loader.ClasspathResourceLoader
2014-11-22 18:13:26,460 - ResourceCache: initialized (class org.apache.velocity.runtime.resource.ResourceCacheImpl) with class java.util.Collections$SynchronizedMap cache map.
2014-11-22 18:13:26,461 - Loaded System Directive: org.apache.velocity.runtime.directive.Stop
2014-11-22 18:13:26,462 - Loaded System Directive: org.apache.velocity.runtime.directive.Define
2014-11-22 18:13:26,462 - Loaded System Directive: org.apache.velocity.runtime.directive.Break
2014-11-22 18:13:26,463 - Loaded System Directive: org.apache.velocity.runtime.directive.Evaluate
2014-11-22 18:13:26,463 - Loaded System Directive: org.apache.velocity.runtime.directive.Literal
2014-11-22 18:13:26,464 - Loaded System Directive: org.apache.velocity.runtime.directive.Macro
2014-11-22 18:13:26,465 - Loaded System Directive: org.apache.velocity.runtime.directive.Parse
2014-11-22 18:13:26,465 - Loaded System Directive: org.apache.velocity.runtime.directive.Include
2014-11-22 18:13:26,466 - Loaded System Directive: org.apache.velocity.runtime.directive.Foreach
2014-11-22 18:13:26,488 - Created '20' parsers.
2014-11-22 18:13:26,492 - Velocimacro : "velocimacro.library" is not set.  Trying default library: VM_global_library.vm
2014-11-22 18:13:26,493 - Could not load resource 'VM_global_library.vm' from ResourceLoader org.apache.velocity.runtime.resource.loader.ClasspathResourceLoader: ClasspathResourceLoader Error: cannot find resource VM_global_library.vm
2014-11-22 18:13:26,493 - Velocimacro : Default library not found.
2014-11-22 18:13:26,493 - Velocimacro : allowInline = true : VMs can be defined inline in templates
2014-11-22 18:13:26,493 - Velocimacro : allowInlineToOverride = false : VMs defined inline may NOT replace previous VM definitions
2014-11-22 18:13:26,493 - Velocimacro : allowInlineLocal = false : VMs defined inline will be global in scope if allowed.
2014-11-22 18:13:26,493 - Velocimacro : autoload off : VM system will not automatically reload global library macros
2014-11-22 18:13:26,507 - ResourceManager : found /test.vm with loader org.apache.velocity.runtime.resource.loader.ClasspathResourceLoader
2014-11-22 18:13:46,953 - Log4JLogChute initialized using file 'velocity.log'
2014-11-22 18:13:46,954 - Initializing Velocity, Calling init()...
2014-11-22 18:13:46,954 - Starting Apache Velocity v1.7 (compiled: 2010-11-19 12:14:37)
2014-11-22 18:13:46,954 - Default Properties File: org/apache/velocity/runtime/defaults/velocity.properties
2014-11-22 18:13:46,954 - Trying to use logger class org.apache.velocity.runtime.log.Log4JLogChute
2014-11-22 18:13:46,954 - Using logger class org.apache.velocity.runtime.log.Log4JLogChute
2014-11-22 18:13:46,955 - ResourceLoader instantiated: org.apache.velocity.runtime.resource.loader.ClasspathResourceLoader
2014-11-22 18:13:46,964 - ResourceCache: initialized (class org.apache.velocity.runtime.resource.ResourceCacheImpl) with class java.util.Collections$SynchronizedMap cache map.
2014-11-22 18:13:46,965 - Loaded System Directive: org.apache.velocity.runtime.directive.Stop
2014-11-22 18:13:46,965 - Loaded System Directive: org.apache.velocity.runtime.directive.Define
2014-11-22 18:13:46,966 - Loaded System Directive: org.apache.velocity.runtime.directive.Break
2014-11-22 18:13:46,966 - Loaded System Directive: org.apache.velocity.runtime.directive.Evaluate
2014-11-22 18:13:46,966 - Loaded System Directive: org.apache.velocity.runtime.directive.Literal
2014-11-22 18:13:46,967 - Loaded System Directive: org.apache.velocity.runtime.directive.Macro
2014-11-22 18:13:46,968 - Loaded System Directive: org.apache.velocity.runtime.directive.Parse
2014-11-22 18:13:46,969 - Loaded System Directive: org.apache.velocity.runtime.directive.Include
2014-11-22 18:13:46,969 - Loaded System Directive: org.apache.velocity.runtime.directive.Foreach
2014-11-22 18:13:46,988 - Created '20' parsers.
2014-11-22 18:13:46,991 - Velocimacro : "velocimacro.library" is not set.  Trying default library: VM_global_library.vm
2014-11-22 18:13:46,992 - Could not load resource 'VM_global_library.vm' from ResourceLoader org.apache.velocity.runtime.resource.loader.ClasspathResourceLoader: ClasspathResourceLoader Error: cannot find resource VM_global_library.vm
2014-11-22 18:13:46,992 - Velocimacro : Default library not found.
2014-11-22 18:13:46,992 - Velocimacro : allowInline = true : VMs can be defined inline in templates
2014-11-22 18:13:46,992 - Velocimacro : allowInlineToOverride = false : VMs defined inline may NOT replace previous VM definitions
2014-11-22 18:13:46,992 - Velocimacro : allowInlineLocal = false : VMs defined inline will be global in scope if allowed.
2014-11-22 18:13:46,992 - Velocimacro : autoload off : VM system will not automatically reload global library macros
2014-11-22 18:13:47,002 - ResourceManager : found /test.vm with loader org.apache.velocity.runtime.resource.loader.ClasspathResourceLoader
2014-11-22 18:14:21,743 - Log4JLogChute initialized using file 'velocity.log'
2014-11-22 18:14:21,744 - Initializing Velocity, Calling init()...
2014-11-22 18:14:21,744 - Starting Apache Velocity v1.7 (compiled: 2010-11-19 12:14:37)
2014-11-22 18:14:21,744 - Default Properties File: org/apache/velocity/runtime/defaults/velocity.properties
2014-11-22 18:14:21,744 - Trying to use logger class org.apache.velocity.runtime.log.Log4JLogChute
2014-11-22 18:14:21,744 - Using logger class org.apache.velocity.runtime.log.Log4JLogChute
2014-11-22 18:14:21,746 - ResourceLoader instantiated: org.apache.velocity.runtime.resource.loader.ClasspathResourceLoader
2014-11-22 18:14:21,755 - ResourceCache: initialized (class org.apache.velocity.runtime.resource.ResourceCacheImpl) with class java.util.Collections$SynchronizedMap cache map.
2014-11-22 18:14:21,756 - Loaded System Directive: org.apache.velocity.runtime.directive.Stop
2014-11-22 18:14:21,756 - Loaded System Directive: org.apache.velocity.runtime.directive.Define
2014-11-22 18:14:21,757 - Loaded System Directive: org.apache.velocity.runtime.directive.Break
2014-11-22 18:14:21,757 - Loaded System Directive: org.apache.velocity.runtime.directive.Evaluate
2014-11-22 18:14:21,758 - Loaded System Directive: org.apache.velocity.runtime.directive.Literal
2014-11-22 18:14:21,758 - Loaded System Directive: org.apache.velocity.runtime.directive.Macro
2014-11-22 18:14:21,759 - Loaded System Directive: org.apache.velocity.runtime.directive.Parse
2014-11-22 18:14:21,760 - Loaded System Directive: org.apache.velocity.runtime.directive.Include
2014-11-22 18:14:21,761 - Loaded System Directive: org.apache.velocity.runtime.directive.Foreach
2014-11-22 18:14:21,783 - Created '20' parsers.
2014-11-22 18:14:21,787 - Velocimacro : "velocimacro.library" is not set.  Trying default library: VM_global_library.vm
2014-11-22 18:14:21,787 - Could not load resource 'VM_global_library.vm' from ResourceLoader org.apache.velocity.runtime.resource.loader.ClasspathResourceLoader: ClasspathResourceLoader Error: cannot find resource VM_global_library.vm
2014-11-22 18:14:21,787 - Velocimacro : Default library not found.
2014-11-22 18:14:21,787 - Velocimacro : allowInline = true : VMs can be defined inline in templates
2014-11-22 18:14:21,787 - Velocimacro : allowInlineToOverride = false : VMs defined inline may NOT replace previous VM definitions
2014-11-22 18:14:21,787 - Velocimacro : allowInlineLocal = false : VMs defined inline will be global in scope if allowed.
2014-11-22 18:14:21,787 - Velocimacro : autoload off : VM system will not automatically reload global library macros
2014-11-22 18:14:21,799 - ResourceManager : found /test.vm with loader org.apache.velocity.runtime.resource.loader.ClasspathResourceLoader
2014-11-22 18:15:09,314 - Log4JLogChute initialized using file 'velocity.log'
2014-11-22 18:15:09,314 - Initializing Velocity, Calling init()...
2014-11-22 18:15:09,314 - Starting Apache Velocity v1.7 (compiled: 2010-11-19 12:14:37)
2014-11-22 18:15:09,314 - Default Properties File: org/apache/velocity/runtime/defaults/velocity.properties
2014-11-22 18:15:09,314 - Trying to use logger class org.apache.velocity.runtime.log.Log4JLogChute
2014-11-22 18:15:09,314 - Using logger class org.apache.velocity.runtime.log.Log4JLogChute
2014-11-22 18:15:09,317 - ResourceLoader instantiated: org.apache.velocity.runtime.resource.loader.ClasspathResourceLoader
2014-11-22 18:15:09,326 - ResourceCache: initialized (class org.apache.velocity.runtime.resource.ResourceCacheImpl) with class java.util.Collections$SynchronizedMap cache map.
2014-11-22 18:15:09,327 - Loaded System Directive: org.apache.velocity.runtime.directive.Stop
2014-11-22 18:15:09,328 - Loaded System Directive: org.apache.velocity.runtime.directive.Define
2014-11-22 18:15:09,328 - Loaded System Directive: org.apache.velocity.runtime.directive.Break
2014-11-22 18:15:09,329 - Loaded System Directive: org.apache.velocity.runtime.directive.Evaluate
2014-11-22 18:15:09,329 - Loaded System Directive: org.apache.velocity.runtime.directive.Literal
2014-11-22 18:15:09,330 - Loaded System Directive: org.apache.velocity.runtime.directive.Macro
2014-11-22 18:15:09,330 - Loaded System Directive: org.apache.velocity.runtime.directive.Parse
2014-11-22 18:15:09,331 - Loaded System Directive: org.apache.velocity.runtime.directive.Include
2014-11-22 18:15:09,332 - Loaded System Directive: org.apache.velocity.runtime.directive.Foreach
2014-11-22 18:15:09,351 - Created '20' parsers.
2014-11-22 18:15:09,355 - Velocimacro : "velocimacro.library" is not set.  Trying default library: VM_global_library.vm
2014-11-22 18:15:09,355 - Could not load resource 'VM_global_library.vm' from ResourceLoader org.apache.velocity.runtime.resource.loader.ClasspathResourceLoader: ClasspathResourceLoader Error: cannot find resource VM_global_library.vm
2014-11-22 18:15:09,355 - Velocimacro : Default library not found.
2014-11-22 18:15:09,355 - Velocimacro : allowInline = true : VMs can be defined inline in templates
2014-11-22 18:15:09,355 - Velocimacro : allowInlineToOverride = false : VMs defined inline may NOT replace previous VM definitions
2014-11-22 18:15:09,355 - Velocimacro : allowInlineLocal = false : VMs defined inline will be global in scope if allowed.
2014-11-22 18:15:09,355 - Velocimacro : autoload off : VM system will not automatically reload global library macros
2014-11-22 18:15:09,367 - ResourceManager : found /test.vm with loader org.apache.velocity.runtime.resource.loader.ClasspathResourceLoader
2014-11-22 18:15:41,201 - Log4JLogChute initialized using file 'velocity.log'
2014-11-22 18:15:41,201 - Initializing Velocity, Calling init()...
2014-11-22 18:15:41,201 - Starting Apache Velocity v1.7 (compiled: 2010-11-19 12:14:37)
2014-11-22 18:15:41,201 - Default Properties File: org/apache/velocity/runtime/defaults/velocity.properties
2014-11-22 18:15:41,201 - Trying to use logger class org.apache.velocity.runtime.log.Log4JLogChute
2014-11-22 18:15:41,201 - Using logger class org.apache.velocity.runtime.log.Log4JLogChute
2014-11-22 18:15:41,203 - ResourceLoader instantiated: org.apache.velocity.runtime.resource.loader.ClasspathResourceLoader
2014-11-22 18:15:41,213 - ResourceCache: initialized (class org.apache.velocity.runtime.resource.ResourceCacheImpl) with class java.util.Collections$SynchronizedMap cache map.
2014-11-22 18:15:41,214 - Loaded System Directive: org.apache.velocity.runtime.directive.Stop
2014-11-22 18:15:41,214 - Loaded System Directive: org.apache.velocity.runtime.directive.Define
2014-11-22 18:15:41,215 - Loaded System Directive: org.apache.velocity.runtime.directive.Break
2014-11-22 18:15:41,215 - Loaded System Directive: org.apache.velocity.runtime.directive.Evaluate
2014-11-22 18:15:41,216 - Loaded System Directive: org.apache.velocity.runtime.directive.Literal
2014-11-22 18:15:41,217 - Loaded System Directive: org.apache.velocity.runtime.directive.Macro
2014-11-22 18:15:41,217 - Loaded System Directive: org.apache.velocity.runtime.directive.Parse
2014-11-22 18:15:41,218 - Loaded System Directive: org.apache.velocity.runtime.directive.Include
2014-11-22 18:15:41,219 - Loaded System Directive: org.apache.velocity.runtime.directive.Foreach
2014-11-22 18:15:41,240 - Created '20' parsers.
2014-11-22 18:15:41,244 - Velocimacro : "velocimacro.library" is not set.  Trying default library: VM_global_library.vm
2014-11-22 18:15:41,244 - Could not load resource 'VM_global_library.vm' from ResourceLoader org.apache.velocity.runtime.resource.loader.ClasspathResourceLoader: ClasspathResourceLoader Error: cannot find resource VM_global_library.vm
2014-11-22 18:15:41,244 - Velocimacro : Default library not found.
2014-11-22 18:15:41,244 - Velocimacro : allowInline = true : VMs can be defined inline in templates
2014-11-22 18:15:41,244 - Velocimacro : allowInlineToOverride = false : VMs defined inline may NOT replace previous VM definitions
2014-11-22 18:15:41,244 - Velocimacro : allowInlineLocal = false : VMs defined inline will be global in scope if allowed.
2014-11-22 18:15:41,245 - Velocimacro : autoload off : VM system will not automatically reload global library macros
2014-11-22 18:15:41,256 - ResourceManager : found /test.vm with loader org.apache.velocity.runtime.resource.loader.ClasspathResourceLoader
2014-11-22 18:16:32,231 - Log4JLogChute initialized using file 'velocity.log'
2014-11-22 18:16:32,232 - Initializing Velocity, Calling init()...
2014-11-22 18:16:32,232 - Starting Apache Velocity v1.7 (compiled: 2010-11-19 12:14:37)
2014-11-22 18:16:32,232 - Default Properties File: org/apache/velocity/runtime/defaults/velocity.properties
2014-11-22 18:16:32,232 - Trying to use logger class org.apache.velocity.runtime.log.Log4JLogChute
2014-11-22 18:16:32,232 - Using logger class org.apache.velocity.runtime.log.Log4JLogChute
2014-11-22 18:16:32,235 - ResourceLoader instantiated: org.apache.velocity.runtime.resource.loader.ClasspathResourceLoader
2014-11-22 18:16:32,245 - ResourceCache: initialized (class org.apache.velocity.runtime.resource.ResourceCacheImpl) with class java.util.Collections$SynchronizedMap cache map.
2014-11-22 18:16:32,246 - Loaded System Directive: org.apache.velocity.runtime.directive.Stop
2014-11-22 18:16:32,247 - Loaded System Directive: org.apache.velocity.runtime.directive.Define
2014-11-22 18:16:32,247 - Loaded System Directive: org.apache.velocity.runtime.directive.Break
2014-11-22 18:16:32,248 - Loaded System Directive: org.apache.velocity.runtime.directive.Evaluate
2014-11-22 18:16:32,248 - Loaded System Directive: org.apache.velocity.runtime.directive.Literal
2014-11-22 18:16:32,249 - Loaded System Directive: org.apache.velocity.runtime.directive.Macro
2014-11-22 18:16:32,250 - Loaded System Directive: org.apache.velocity.runtime.directive.Parse
2014-11-22 18:16:32,250 - Loaded System Directive: org.apache.velocity.runtime.directive.Include
2014-11-22 18:16:32,251 - Loaded System Directive: org.apache.velocity.runtime.directive.Foreach
2014-11-22 18:16:32,271 - Created '20' parsers.
2014-11-22 18:16:32,275 - Velocimacro : "velocimacro.library" is not set.  Trying default library: VM_global_library.vm
2014-11-22 18:16:32,275 - Could not load resource 'VM_global_library.vm' from ResourceLoader org.apache.velocity.runtime.resource.loader.ClasspathResourceLoader: ClasspathResourceLoader Error: cannot find resource VM_global_library.vm
2014-11-22 18:16:32,275 - Velocimacro : Default library not found.
2014-11-22 18:16:32,275 - Velocimacro : allowInline = true : VMs can be defined inline in templates
2014-11-22 18:16:32,275 - Velocimacro : allowInlineToOverride = false : VMs defined inline may NOT replace previous VM definitions
2014-11-22 18:16:32,275 - Velocimacro : allowInlineLocal = false : VMs defined inline will be global in scope if allowed.
2014-11-22 18:16:32,276 - Velocimacro : autoload off : VM system will not automatically reload global library macros
2014-11-22 18:16:32,290 - ResourceManager : found /test.vm with loader org.apache.velocity.runtime.resource.loader.ClasspathResourceLoader
2014-11-22 19:01:04,238 - Log4JLogChute initialized using file 'velocity.log'
2014-11-22 19:01:04,238 - Initializing Velocity, Calling init()...
2014-11-22 19:01:04,238 - Starting Apache Velocity v1.7 (compiled: 2010-11-19 12:14:37)
2014-11-22 19:01:04,238 - Default Properties File: org/apache/velocity/runtime/defaults/velocity.properties
2014-11-22 19:01:04,238 - Trying to use logger class org.apache.velocity.runtime.log.Log4JLogChute
2014-11-22 19:01:04,238 - Using logger class org.apache.velocity.runtime.log.Log4JLogChute
2014-11-22 19:01:04,241 - ResourceLoader instantiated: org.apache.velocity.runtime.resource.loader.ClasspathResourceLoader
2014-11-22 19:01:04,249 - ResourceCache: initialized (class org.apache.velocity.runtime.resource.ResourceCacheImpl) with class java.util.Collections$SynchronizedMap cache map.
2014-11-22 19:01:04,250 - Loaded System Directive: org.apache.velocity.runtime.directive.Stop
2014-11-22 19:01:04,251 - Loaded System Directive: org.apache.velocity.runtime.directive.Define
2014-11-22 19:01:04,251 - Loaded System Directive: org.apache.velocity.runtime.directive.Break
2014-11-22 19:01:04,252 - Loaded System Directive: org.apache.velocity.runtime.directive.Evaluate
2014-11-22 19:01:04,252 - Loaded System Directive: org.apache.velocity.runtime.directive.Literal
2014-11-22 19:01:04,252 - Loaded System Directive: org.apache.velocity.runtime.directive.Macro
2014-11-22 19:01:04,253 - Loaded System Directive: org.apache.velocity.runtime.directive.Parse
2014-11-22 19:01:04,254 - Loaded System Directive: org.apache.velocity.runtime.directive.Include
2014-11-22 19:01:04,254 - Loaded System Directive: org.apache.velocity.runtime.directive.Foreach
2014-11-22 19:01:04,273 - Created '20' parsers.
2014-11-22 19:01:04,276 - Velocimacro : "velocimacro.library" is not set.  Trying default library: VM_global_library.vm
2014-11-22 19:01:04,276 - Could not load resource 'VM_global_library.vm' from ResourceLoader org.apache.velocity.runtime.resource.loader.ClasspathResourceLoader: ClasspathResourceLoader Error: cannot find resource VM_global_library.vm
2014-11-22 19:01:04,276 - Velocimacro : Default library not found.
2014-11-22 19:01:04,276 - Velocimacro : allowInline = true : VMs can be defined inline in templates
2014-11-22 19:01:04,276 - Velocimacro : allowInlineToOverride = false : VMs defined inline may NOT replace previous VM definitions
2014-11-22 19:01:04,276 - Velocimacro : allowInlineLocal = false : VMs defined inline will be global in scope if allowed.
2014-11-22 19:01:04,277 - Velocimacro : autoload off : VM system will not automatically reload global library macros
2014-11-22 19:01:04,287 - ResourceManager : found /test.vm with loader org.apache.velocity.runtime.resource.loader.ClasspathResourceLoader
2014-11-22 19:02:06,816 - Log4JLogChute initialized using file 'velocity.log'
2014-11-22 19:02:06,817 - Initializing Velocity, Calling init()...
2014-11-22 19:02:06,817 - Starting Apache Velocity v1.7 (compiled: 2010-11-19 12:14:37)
2014-11-22 19:02:06,817 - Default Properties File: org/apache/velocity/runtime/defaults/velocity.properties
2014-11-22 19:02:06,817 - Trying to use logger class org.apache.velocity.runtime.log.Log4JLogChute
2014-11-22 19:02:06,817 - Using logger class org.apache.velocity.runtime.log.Log4JLogChute
2014-11-22 19:02:06,819 - ResourceLoader instantiated: org.apache.velocity.runtime.resource.loader.ClasspathResourceLoader
2014-11-22 19:02:06,830 - ResourceCache: initialized (class org.apache.velocity.runtime.resource.ResourceCacheImpl) with class java.util.Collections$SynchronizedMap cache map.
2014-11-22 19:02:06,832 - Loaded System Directive: org.apache.velocity.runtime.directive.Stop
2014-11-22 19:02:06,832 - Loaded System Directive: org.apache.velocity.runtime.directive.Define
2014-11-22 19:02:06,833 - Loaded System Directive: org.apache.velocity.runtime.directive.Break
2014-11-22 19:02:06,833 - Loaded System Directive: org.apache.velocity.runtime.directive.Evaluate
2014-11-22 19:02:06,834 - Loaded System Directive: org.apache.velocity.runtime.directive.Literal
2014-11-22 19:02:06,834 - Loaded System Directive: org.apache.velocity.runtime.directive.Macro
2014-11-22 19:02:06,835 - Loaded System Directive: org.apache.velocity.runtime.directive.Parse
2014-11-22 19:02:06,836 - Loaded System Directive: org.apache.velocity.runtime.directive.Include
2014-11-22 19:02:06,837 - Loaded System Directive: org.apache.velocity.runtime.directive.Foreach
2014-11-22 19:02:06,861 - Created '20' parsers.
2014-11-22 19:02:06,865 - Velocimacro : "velocimacro.library" is not set.  Trying default library: VM_global_library.vm
2014-11-22 19:02:06,865 - Could not load resource 'VM_global_library.vm' from ResourceLoader org.apache.velocity.runtime.resource.loader.ClasspathResourceLoader: ClasspathResourceLoader Error: cannot find resource VM_global_library.vm
2014-11-22 19:02:06,865 - Velocimacro : Default library not found.
2014-11-22 19:02:06,866 - Velocimacro : allowInline = true : VMs can be defined inline in templates
2014-11-22 19:02:06,866 - Velocimacro : allowInlineToOverride = false : VMs defined inline may NOT replace previous VM definitions
2014-11-22 19:02:06,866 - Velocimacro : allowInlineLocal = false : VMs defined inline will be global in scope if allowed.
2014-11-22 19:02:06,866 - Velocimacro : autoload off : VM system will not automatically reload global library macros
2014-11-22 19:02:06,879 - ResourceManager : found /test.vm with loader org.apache.velocity.runtime.resource.loader.ClasspathResourceLoader
2014-11-22 19:02:34,466 - Log4JLogChute initialized using file 'velocity.log'
2014-11-22 19:02:34,466 - Initializing Velocity, Calling init()...
2014-11-22 19:02:34,466 - Starting Apache Velocity v1.7 (compiled: 2010-11-19 12:14:37)
2014-11-22 19:02:34,466 - Default Properties File: org/apache/velocity/runtime/defaults/velocity.properties
2014-11-22 19:02:34,466 - Trying to use logger class org.apache.velocity.runtime.log.Log4JLogChute
2014-11-22 19:02:34,466 - Using logger class org.apache.velocity.runtime.log.Log4JLogChute
2014-11-22 19:02:34,468 - ResourceLoader instantiated: org.apache.velocity.runtime.resource.loader.ClasspathResourceLoader
2014-11-22 19:02:34,476 - ResourceCache: initialized (class org.apache.velocity.runtime.resource.ResourceCacheImpl) with class java.util.Collections$SynchronizedMap cache map.
2014-11-22 19:02:34,477 - Loaded System Directive: org.apache.velocity.runtime.directive.Stop
2014-11-22 19:02:34,477 - Loaded System Directive: org.apache.velocity.runtime.directive.Define
2014-11-22 19:02:34,478 - Loaded System Directive: org.apache.velocity.runtime.directive.Break
2014-11-22 19:02:34,478 - Loaded System Directive: org.apache.velocity.runtime.directive.Evaluate
2014-11-22 19:02:34,478 - Loaded System Directive: org.apache.velocity.runtime.directive.Literal
2014-11-22 19:02:34,479 - Loaded System Directive: org.apache.velocity.runtime.directive.Macro
2014-11-22 19:02:34,480 - Loaded System Directive: org.apache.velocity.runtime.directive.Parse
2014-11-22 19:02:34,480 - Loaded System Directive: org.apache.velocity.runtime.directive.Include
2014-11-22 19:02:34,481 - Loaded System Directive: org.apache.velocity.runtime.directive.Foreach
2014-11-22 19:02:34,500 - Created '20' parsers.
2014-11-22 19:02:34,503 - Velocimacro : "velocimacro.library" is not set.  Trying default library: VM_global_library.vm
2014-11-22 19:02:34,504 - Could not load resource 'VM_global_library.vm' from ResourceLoader org.apache.velocity.runtime.resource.loader.ClasspathResourceLoader: ClasspathResourceLoader Error: cannot find resource VM_global_library.vm
2014-11-22 19:02:34,504 - Velocimacro : Default library not found.
2014-11-22 19:02:34,504 - Velocimacro : allowInline = true : VMs can be defined inline in templates
2014-11-22 19:02:34,504 - Velocimacro : allowInlineToOverride = false : VMs defined inline may NOT replace previous VM definitions
2014-11-22 19:02:34,504 - Velocimacro : allowInlineLocal = false : VMs defined inline will be global in scope if allowed.
2014-11-22 19:02:34,504 - Velocimacro : autoload off : VM system will not automatically reload global library macros
2014-11-22 19:02:34,514 - ResourceManager : found /test.vm with loader org.apache.velocity.runtime.resource.loader.ClasspathResourceLoader
2014-11-22 19:03:03,657 - Log4JLogChute initialized using file 'velocity.log'
2014-11-22 19:03:03,657 - Initializing Velocity, Calling init()...
2014-11-22 19:03:03,657 - Starting Apache Velocity v1.7 (compiled: 2010-11-19 12:14:37)
2014-11-22 19:03:03,657 - Default Properties File: org/apache/velocity/runtime/defaults/velocity.properties
2014-11-22 19:03:03,657 - Trying to use logger class org.apache.velocity.runtime.log.Log4JLogChute
2014-11-22 19:03:03,657 - Using logger class org.apache.velocity.runtime.log.Log4JLogChute
2014-11-22 19:03:03,659 - ResourceLoader instantiated: org.apache.velocity.runtime.resource.loader.ClasspathResourceLoader
2014-11-22 19:03:03,667 - ResourceCache: initialized (class org.apache.velocity.runtime.resource.ResourceCacheImpl) with class java.util.Collections$SynchronizedMap cache map.
2014-11-22 19:03:03,668 - Loaded System Directive: org.apache.velocity.runtime.directive.Stop
2014-11-22 19:03:03,669 - Loaded System Directive: org.apache.velocity.runtime.directive.Define
2014-11-22 19:03:03,669 - Loaded System Directive: org.apache.velocity.runtime.directive.Break
2014-11-22 19:03:03,670 - Loaded System Directive: org.apache.velocity.runtime.directive.Evaluate
2014-11-22 19:03:03,670 - Loaded System Directive: org.apache.velocity.runtime.directive.Literal
2014-11-22 19:03:03,671 - Loaded System Directive: org.apache.velocity.runtime.directive.Macro
2014-11-22 19:03:03,671 - Loaded System Directive: org.apache.velocity.runtime.directive.Parse
2014-11-22 19:03:03,672 - Loaded System Directive: org.apache.velocity.runtime.directive.Include
2014-11-22 19:03:03,673 - Loaded System Directive: org.apache.velocity.runtime.directive.Foreach
2014-11-22 19:03:03,696 - Created '20' parsers.
2014-11-22 19:03:03,701 - Velocimacro : "velocimacro.library" is not set.  Trying default library: VM_global_library.vm
2014-11-22 19:03:03,702 - Could not load resource 'VM_global_library.vm' from ResourceLoader org.apache.velocity.runtime.resource.loader.ClasspathResourceLoader: ClasspathResourceLoader Error: cannot find resource VM_global_library.vm
2014-11-22 19:03:03,702 - Velocimacro : Default library not found.
2014-11-22 19:03:03,702 - Velocimacro : allowInline = true : VMs can be defined inline in templates
2014-11-22 19:03:03,702 - Velocimacro : allowInlineToOverride = false : VMs defined inline may NOT replace previous VM definitions
2014-11-22 19:03:03,702 - Velocimacro : allowInlineLocal = false : VMs defined inline will be global in scope if allowed.
2014-11-22 19:03:03,702 - Velocimacro : autoload off : VM system will not automatically reload global library macros
2014-11-22 19:03:03,718 - ResourceManager : found /test.vm with loader org.apache.velocity.runtime.resource.loader.ClasspathResourceLoader
2014-11-22 19:03:17,257 - Log4JLogChute initialized using file 'velocity.log'
2014-11-22 19:03:17,258 - Initializing Velocity, Calling init()...
2014-11-22 19:03:17,263 - Starting Apache Velocity v1.7 (compiled: 2010-11-19 12:14:37)
2014-11-22 19:03:17,263 - Default Properties File: org/apache/velocity/runtime/defaults/velocity.properties
2014-11-22 19:03:17,263 - Trying to use logger class org.apache.velocity.runtime.log.Log4JLogChute
2014-11-22 19:03:17,263 - Using logger class org.apache.velocity.runtime.log.Log4JLogChute
2014-11-22 19:03:17,268 - ResourceLoader instantiated: org.apache.velocity.runtime.resource.loader.ClasspathResourceLoader
2014-11-22 19:03:17,283 - ResourceCache: initialized (class org.apache.velocity.runtime.resource.ResourceCacheImpl) with class java.util.Collections$SynchronizedMap cache map.
2014-11-22 19:03:17,284 - Loaded System Directive: org.apache.velocity.runtime.directive.Stop
2014-11-22 19:03:17,285 - Loaded System Directive: org.apache.velocity.runtime.directive.Define
2014-11-22 19:03:17,285 - Loaded System Directive: org.apache.velocity.runtime.directive.Break
2014-11-22 19:03:17,286 - Loaded System Directive: org.apache.velocity.runtime.directive.Evaluate
2014-11-22 19:03:17,287 - Loaded System Directive: org.apache.velocity.runtime.directive.Literal
2014-11-22 19:03:17,288 - Loaded System Directive: org.apache.velocity.runtime.directive.Macro
2014-11-22 19:03:17,289 - Loaded System Directive: org.apache.velocity.runtime.directive.Parse
2014-11-22 19:03:17,289 - Loaded System Directive: org.apache.velocity.runtime.directive.Include
2014-11-22 19:03:17,290 - Loaded System Directive: org.apache.velocity.runtime.directive.Foreach
2014-11-22 19:03:17,323 - Created '20' parsers.
2014-11-22 19:03:17,328 - Velocimacro : "velocimacro.library" is not set.  Trying default library: VM_global_library.vm
2014-11-22 19:03:17,328 - Could not load resource 'VM_global_library.vm' from ResourceLoader org.apache.velocity.runtime.resource.loader.ClasspathResourceLoader: ClasspathResourceLoader Error: cannot find resource VM_global_library.vm
2014-11-22 19:03:17,328 - Velocimacro : Default library not found.
2014-11-22 19:03:17,328 - Velocimacro : allowInline = true : VMs can be defined inline in templates
2014-11-22 19:03:17,328 - Velocimacro : allowInlineToOverride = false : VMs defined inline may NOT replace previous VM definitions
2014-11-22 19:03:17,328 - Velocimacro : allowInlineLocal = false : VMs defined inline will be global in scope if allowed.
2014-11-22 19:03:17,328 - Velocimacro : autoload off : VM system will not automatically reload global library macros
2014-11-22 19:03:17,343 - ResourceManager : found /test.vm with loader org.apache.velocity.runtime.resource.loader.ClasspathResourceLoader
